"../../../../../../Users/Siwy/Desktop/QAP/GDTVBPCourseProjects/MarsMarine/Content/UI/Textures/MarineSprintAvailable.uasset" 0
"../../../../../../Users/Siwy/Desktop/QAP/GDTVBPCourseProjects/MarsMarine/Content/UI/Textures/MarineSprintUnavailable.uasset" 1
"../../../Engine/Content/Functions/Engine_MaterialFunctions01/Opacity/CameraDepthFade.uasset" 2
"../../../Engine/Content/EngineMaterials/T_Default_Material_Grid_M.uasset" 3
"../../../Engine/Content/EngineMaterials/T_Default_Material_Grid_N.uasset" 4
"../../../Engine/Content/EngineMaterials/WorldGridMaterial.uasset" 5
"../../../Engine/Content/ArtTools/RenderToTexture/Meshes/S_1_Unit_Plane.uasset" 6
"../../../Engine/Content/EngineMaterials/DefaultMaterial.uasset" 7
"../../../Engine/Content/BasicShapes/Cone.uasset" 8
"../../../Engine/Content/BasicShapes/Cube.uasset" 9
"../../../Engine/Content/BasicShapes/Cylinder.uasset" 10
"../../../Engine/Content/BasicShapes/Plane.uasset" 11
"../../../Engine/Content/BasicShapes/Sphere.uasset" 12
"../../../Engine/Content/EditorLandscapeResources/DataLayer.uasset" 13
"../../../Engine/Content/EditorMaterials/GizmoMaterial.uasset" 14
"../../../Engine/Content/EditorMaterials/MAT_Groups_Toggle.uasset" 15
"../../../Engine/Content/EditorMaterials/MAT_Groups_Visibility.uasset" 16
"../../../Engine/Content/EditorMaterials/PreviewShadowIndicator.uasset" 17
"../../../Engine/Content/EditorMaterials/PreviewShadowIndicatorMaterial.uasset" 18
"../../../Engine/Content/EditorMaterials/MatineeGroups/MAT_ColorTrack.uasset" 19
"../../../Engine/Content/EditorMaterials/MatineeGroups/MAT_Groups_Anim.uasset" 20
"../../../Engine/Content/EditorMaterials/MatineeGroups/MAT_Groups_AudioMaster.uasset" 21
"../../../Engine/Content/EditorMaterials/MatineeGroups/MAT_Groups_Director.uasset" 22
"../../../Engine/Content/EditorMaterials/MatineeGroups/MAT_Groups_Event.uasset" 23
"../../../Engine/Content/EditorMaterials/MatineeGroups/MAT_Groups_Fade.uasset" 24
"../../../Engine/Content/EditorMaterials/MatineeGroups/MAT_Groups_Float.uasset" 25
"../../../Engine/Content/EditorMaterials/MatineeGroups/MAT_Groups_Move.uasset" 26
"../../../Engine/Content/EditorMaterials/MatineeGroups/MAT_Groups_Slomo.uasset" 27
"../../../Engine/Content/EditorMaterials/MatineeGroups/MAT_Groups_Sound.uasset" 28
"../../../Engine/Content/EditorMaterials/MatineeGroups/MAT_Groups_Vector.uasset" 29
"../../../Engine/Content/EditorMaterials/ParticleSystems/PSysThumbnail_NoImage.uasset" 30
"../../../Engine/Content/EditorMaterials/ParticleSystems/PSysThumbnail_OOD.uasset" 31
"../../../Engine/Content/EditorMaterials/Camera/CineMat.uasset" 32
"../../../Engine/Content/EditorMaterials/Camera/MI_CineMat_Rig.uasset" 33
"../../../Engine/Content/EditorMeshes/Camera/SM_CraneRig_Arm.uasset" 34
"../../../Engine/Content/EditorMeshes/Camera/SM_CraneRig_Base.uasset" 35
"../../../Engine/Content/EditorMeshes/Camera/SM_CraneRig_Body.uasset" 36
"../../../Engine/Content/EditorMeshes/Camera/SM_CraneRig_Mount.uasset" 37
"../../../Engine/Content/EditorMeshes/Camera/SM_RailRig_Mount.uasset" 38
"../../../Engine/Content/EditorMeshes/Camera/SM_RailRig_Track.uasset" 39
"../../../Engine/Content/EditorResources/BSPVertex.uasset" 40
"../../../Engine/Content/EditorResources/EmptyActor.uasset" 41
"../../../Engine/Content/EditorResources/S_Actor.uasset" 42
"../../../Engine/Content/EditorResources/S_Trigger.uasset" 43
"../../../Engine/Content/EditorResources/SequenceRecorder/Countdown.uasset" 44
"../../../Engine/Content/EditorResources/SequenceRecorder/RecordingIndicator.uasset" 45
"../../../Engine/Content/EditorSounds/Notifications/CompileFailed.uasset" 46
"../../../Engine/Content/EditorSounds/Notifications/CompileFailed_Cue.uasset" 47
"../../../Engine/Content/EditorSounds/Notifications/CompileSuccess.uasset" 48
"../../../Engine/Content/EditorSounds/Notifications/CompileStart_Cue.uasset" 49
"../../../Engine/Content/EditorSounds/Notifications/CompileSuccess_Cue.uasset" 50
"../../../Engine/Content/EngineDamageTypes/DmgTypeBP_Environmental.uasset" 51
"../../../Engine/Content/EngineDebugMaterials/HeatmapGradient.uasset" 52
"../../../Engine/Content/EngineDebugMaterials/BoneWeightMaterial.uasset" 53
"../../../Engine/Content/EngineDebugMaterials/ClothMaterial.uasset" 54
"../../../Engine/Content/EngineDebugMaterials/ClothMaterial_WF.uasset" 55
"../../../Engine/Content/EngineDebugMaterials/DebugEditorMaterial.uasset" 56
"../../../Engine/Content/EngineDebugMaterials/DebugMeshMaterial.uasset" 57
"../../../Engine/Content/EngineDebugMaterials/GeomMaterial.uasset" 58
"../../../Engine/Content/EngineDebugMaterials/M_SimpleTranslucent.uasset" 59
"../../../Engine/Content/EngineFonts/Faces/RobotoBold.uasset" 60
"../../../Engine/Content/EngineFonts/Faces/RobotoBoldItalic.uasset" 61
"../../../Engine/Content/EngineFonts/Faces/RobotoItalic.uasset" 62
"../../../Engine/Content/EngineFonts/Faces/RobotoLight.uasset" 63
"../../../Engine/Content/EngineFonts/Faces/RobotoRegular.uasset" 64
"../../../Engine/Content/EngineFonts/Roboto.uasset" 65
"../../../Engine/Content/EngineFonts/Faces/RobotoTiny.uasset" 66
"../../../Engine/Content/EngineFonts/RobotoTiny.uasset" 67
"../../../Engine/Content/EngineMaterials/BaseFlattenDiffuseMap.uasset" 68
"../../../Engine/Content/EngineMaterials/BaseFlattenEmissiveMap.uasset" 69
"../../../Engine/Content/EngineMaterials/BaseFlattenGrayscaleMap.uasset" 70
"../../../Engine/Content/EngineMaterials/BaseFlattenNormalMap.uasset" 71
"../../../Engine/Content/EngineMaterials/BaseFlattenMaterial.uasset" 72
"../../../Engine/Content/EngineMaterials/DefaultBloomKernel.uasset" 73
"../../../Engine/Content/EngineMaterials/DefaultBokeh.uasset" 74
"../../../Engine/Content/EngineMaterials/DefaultDiffuse.uasset" 75
"../../../Engine/Content/EngineMaterials/DefaultDeferredDecalMaterial.uasset" 76
"../../../Engine/Content/EngineMaterials/DefaultLightFunctionMaterial.uasset" 77
"../../../Engine/Content/Functions/Engine_MaterialFunctions02/Utility/BreakOutFloat2Components.uasset" 78
"../../../Engine/Content/EngineMaterials/DefaultPostProcessMaterial.uasset" 79
"../../../Engine/Content/EngineFonts/RobotoDistanceField.uasset" 80
"../../../Engine/Content/EngineMaterials/DefaultTextMaterialOpaque.uasset" 81
"../../../Engine/Content/EngineMaterials/DefaultWhiteGrid.uasset" 82
"../../../Engine/Content/EngineMaterials/EditorBrushMaterial.uasset" 83
"../../../Engine/Content/EngineMaterials/Good64x64TilingNoiseHighFreq.uasset" 84
"../../../Engine/Content/EngineMaterials/MiniFont.uasset" 85
"../../../Engine/Content/EngineMaterials/InvalidLightmapSettings.uasset" 86
"../../../Engine/Content/EngineMaterials/M_InvalidLightmapSettings.uasset" 87
"../../../Engine/Content/Functions/Engine_MaterialFunctions02/WorldPositionOffset/CameraOffset.uasset" 88
"../../../Engine/Content/EngineMaterials/PhAT_JointLimitMaterial.uasset" 89
"../../../Engine/Content/EngineMaterials/PreintegratedSkinBRDF.uasset" 90
"../../../Engine/Content/EngineMaterials/RemoveSurfaceMaterial.uasset" 91
"../../../Engine/Content/EngineMaterials/WeightMapPlaceholderTexture.uasset" 92
"../../../Engine/Content/EngineResources/WhiteSquareTexture.uasset" 93
"../../../Engine/Content/EngineMaterials/Widget3DPassThrough.uasset" 94
"../../../Engine/Content/EngineMaterials/Widget3DPassThrough_Masked.uasset" 95
"../../../Engine/Content/EngineMaterials/Widget3DPassThrough_Opaque.uasset" 96
"../../../Engine/Content/EngineMaterials/Widget3DPassThrough_Masked_OneSided.uasset" 97
"../../../Engine/Content/EngineMaterials/Widget3DPassThrough_Opaque_OneSided.uasset" 98
"../../../Engine/Content/EngineMaterials/Widget3DPassThrough_Translucent.uasset" 99
"../../../Engine/Content/EngineMaterials/Widget3DPassThrough_Translucent_OneSided.uasset" 100
"../../../Engine/Content/EngineMeshes/Cylinder.uasset" 101
"../../../Engine/Content/EngineMeshes/Sphere.uasset" 102
"../../../Engine/Content/EngineResources/Black.uasset" 103
"../../../Engine/Content/EngineResources/DefaultTexture.uasset" 104
"../../../Engine/Content/EngineResources/DefaultTextureCube.uasset" 105
"../../../Engine/Content/EngineResources/DefaultVolumeTexture2D.uasset" 106
"../../../Engine/Content/EngineResources/DefaultVolumeTexture.uasset" 107
"../../../Engine/Content/EngineResources/GradientTexture0.uasset" 108
"../../../Engine/Content/EngineSounds/Master.uasset" 109
"../../../Engine/Content/Functions/Engine_MaterialFunctions01/Shading/ConvertFromDiffSpec.uasset" 110
"../../../Engine/Content/Functions/Engine_MaterialFunctions01/Shading/PowerToRoughness.uasset" 111
"../../../Engine/Content/Maps/Templates/Thumbnails/Default.uasset" 112
"../../../Engine/Content/Maps/Templates/Thumbnails/VR-Basic.uasset" 113
"../../../Engine/Content/MobileResources/T_MobileControls_texture.uasset" 114
"../../../Engine/Content/MobileResources/T_MobileMenu2.uasset" 115
"../../../Engine/Content/MobileResources/HUD/AnalogHat.uasset" 116
"../../../Engine/Content/MobileResources/HUD/VirtualJoystick_Background.uasset" 117
"../../../Engine/Content/MobileResources/HUD/VirtualJoystick_Thumb.uasset" 118
"../../../Engine/Content/MobileResources/HUD/DefaultVirtualJoysticks.uasset" 119
"../../../Engine/Content/MobileResources/HUD/LeftVirtualJoystickOnly.uasset" 120
"../../../Engine/Content/MobileResources/HUD/MobileHUDButton1_off.uasset" 121
"../../../Engine/Content/MobileResources/HUD/MobileHUDButton1_on.uasset" 122
"../../../Engine/Content/MobileResources/HUD/MobileHUDButton2_off.uasset" 123
"../../../Engine/Content/MobileResources/HUD/MobileHUDButton2_on.uasset" 124
"../../../Engine/Content/MobileResources/HUD/MobileHUDButton3.uasset" 125
"../../../Engine/Content/MobileResources/HUD/MobileHUDButtonFire.uasset" 126
"../../../Engine/Content/MobileResources/HUD/MobileHUDDirectionPad.uasset" 127
"../../../Engine/Content/MobileResources/HUD/MobileHUDDirectionPad2.uasset" 128
"../../../Engine/Content/MobileResources/HUD/MobileHUDDirectionPad3.uasset" 129
"../../../Engine/Content/MobileResources/HUD/MobileHUDDirectionStick.uasset" 130
"../../../Engine/Content/MobileResources/HUD/T_Castle_ThumbstickInner.uasset" 131
"../../../Engine/Content/MobileResources/HUD/T_Castle_ThumbstickOutter.uasset" 132
"../../../Engine/Content/Tutorial/ContentIntroCurve.uasset" 133
"../../../Engine/Content/VREditor/LaserPointer/VR_LaserPower_01.uasset" 134
"../../../Engine/Content/VREditor/TransformGizmo/TransformGizmoMaterial.uasset" 135
"../../../Engine/Content/VREditor/TransformGizmo/TranslucentTransformGizmoMaterial.uasset" 136
"../../../Engine/Content/VREditor/TransformGizmo/BoundingBoxCorner.uasset" 137
"../../../Engine/Content/VREditor/TransformGizmo/BoundingBoxEdge.uasset" 138
"../../../Engine/Content/VREditor/TransformGizmo/PlaneTranslationHandle.uasset" 139
"../../../Engine/Content/VREditor/TransformGizmo/Main.uasset" 140
"../../../Engine/Content/VREditor/TransformGizmo/Xray.uasset" 141
"../../../Engine/Content/VREditor/TransformGizmo/SM_Sequencer_Key.uasset" 142
"../../../Engine/Content/VREditor/TransformGizmo/SM_Sequencer_Node.uasset" 143
"../../Plugins/2D/Paper2D/Content/PlaceholderTextures/DummySpriteTexture.uasset" 144
"../../Plugins/2D/Paper2D/Content/DummySprite.uasset" 145
"../../Plugins/2D/Paper2D/Content/DefaultPaperTerrainMaterial.uasset" 146
"../../Plugins/2D/Paper2D/Content/DefaultSpriteMaterial.uasset" 147
"../../Plugins/2D/Paper2D/Content/MaskedUnlitSpriteMaterial.uasset" 148
"../../Plugins/2D/Paper2D/Content/OpaqueUnlitSpriteMaterial.uasset" 149
"../../Plugins/Runtime/Oculus/OculusVR/Content/Materials/PokeAHoleMaterial.uasset" 150
"../../Plugins/Runtime/Oculus/OculusVR/Content/Textures/GearVRController_AO.uasset" 151
"../../Plugins/Runtime/Oculus/OculusVR/Content/Textures/GearVRController_Color.uasset" 152
"../../Plugins/Runtime/Oculus/OculusVR/Content/Textures/GearVRController_Normal.uasset" 153
"../../Plugins/Runtime/Oculus/OculusVR/Content/Materials/GearVRControllerMaterial.uasset" 154
"../../Plugins/Runtime/Oculus/OculusVR/Content/Meshes/GearVrController.uasset" 155
"../../Plugins/Runtime/Oculus/OculusVR/Content/Textures/touchController_albedo.uasset" 156
"../../Plugins/Runtime/Oculus/OculusVR/Content/Textures/touchController_controlmap.uasset" 157
"../../Plugins/Runtime/Oculus/OculusVR/Content/Materials/touchController_mat.uasset" 158
"../../Plugins/Runtime/Oculus/OculusVR/Content/Meshes/LeftTouchController.uasset" 159
"../../Plugins/Runtime/Oculus/OculusVR/Content/Meshes/RiftHMD.uasset" 160
"../../Plugins/Runtime/Oculus/OculusVR/Content/Meshes/RightTouchController.uasset" 161
"../../../Engine/Content/EditorBlueprintResources/StandardMacros.uasset" 162
"../../../Engine/Content/EngineSky/C_Sky_Cloud_Color.uasset" 163
"../../../Engine/Content/EngineSky/C_Sky_Horizon_Color.uasset" 164
"../../../Engine/Content/EngineSky/C_Sky_Zenith_Color.uasset" 165
"../../../Engine/Content/EngineSky/T_Sky_Blue.uasset" 166
"../../../Engine/Content/EngineSky/T_Sky_Clouds_M.uasset" 167
"../../../Engine/Content/EngineSky/T_Sky_Stars.uasset" 168
"../../../Engine/Content/EngineSky/M_Sky_Panning_Clouds2.uasset" 169
"../../../Engine/Content/EngineSky/SM_SkySphere.uasset" 170
"../../../Engine/Content/EngineSky/BP_Sky_Sphere.uasset" 171
"../../../Engine/Content/EngineMeshes/Humanoid.uasset" 172
"../../../../../../Users/Siwy/Desktop/QAP/GDTVBPCourseProjects/MarsMarine/Content/Characters/Marine/Marine_Skeleton.uasset" 173
"../../../../../../Users/Siwy/Desktop/QAP/GDTVBPCourseProjects/MarsMarine/Content/Characters/Marine/Animations/Death.uasset" 174
"../../../../../../Users/Siwy/Desktop/QAP/GDTVBPCourseProjects/MarsMarine/Content/Characters/Marine/Animations/Idle.uasset" 175
"../../../../../../Users/Siwy/Desktop/QAP/GDTVBPCourseProjects/MarsMarine/Content/Characters/Marine/Animations/Run_Bwd.uasset" 176
"../../../../../../Users/Siwy/Desktop/QAP/GDTVBPCourseProjects/MarsMarine/Content/Characters/Marine/Animations/Run_Fwd.uasset" 177
"../../../../../../Users/Siwy/Desktop/QAP/GDTVBPCourseProjects/MarsMarine/Content/Characters/Marine/Animations/Run_Lt.uasset" 178
"../../../../../../Users/Siwy/Desktop/QAP/GDTVBPCourseProjects/MarsMarine/Content/Characters/Marine/Animations/Run_Rt.uasset" 179
"../../../../../../Users/Siwy/Desktop/QAP/GDTVBPCourseProjects/MarsMarine/Content/Characters/Marine/Animations/BS_Marine.uasset" 180
"../../../../../../Users/Siwy/Desktop/QAP/GDTVBPCourseProjects/MarsMarine/Content/Characters/Marine/Animations/ABP_Marine.uasset" 181
"../../../Engine/Content/Functions/Engine_MaterialFunctions01/Texturing/FlattenNormal.uasset" 182
"../../../Engine/Content/Functions/Engine_MaterialFunctions02/Utility/BlendAngleCorrectedNormals.uasset" 183
"../../../Engine/Content/Functions/MaterialLayerFunctions/MatLayerBlend_BakedNormal.uasset" 184
"../../../Engine/Content/Functions/MaterialLayerFunctions/MatLayerBlend_Standard.uasset" 185
"../../../Engine/Content/Functions/MaterialLayerFunctions/MatLayerBlend_TintAllChannels.uasset" 186
"../../../../../../Users/Siwy/Desktop/QAP/GDTVBPCourseProjects/MarsMarine/Content/Characters/Marine/Textures/Chr_FPS_D.uasset" 187
"../../../../../../Users/Siwy/Desktop/QAP/GDTVBPCourseProjects/MarsMarine/Content/Characters/Marine/Textures/T_Vista_Grass_N.uasset" 188
"../../../../../../Users/Siwy/Desktop/QAP/GDTVBPCourseProjects/MarsMarine/Content/Characters/Marine/Materials/ML_Base.uasset" 189
"../../../../../../Users/Siwy/Desktop/QAP/GDTVBPCourseProjects/MarsMarine/Content/Characters/Marine/Textures/Chr_FPS_02_M.uasset" 190
"../../../../../../Users/Siwy/Desktop/QAP/GDTVBPCourseProjects/MarsMarine/Content/Characters/Marine/Textures/Chr_FPS_M.uasset" 191
"../../../../../../Users/Siwy/Desktop/QAP/GDTVBPCourseProjects/MarsMarine/Content/Characters/Marine/Materials/ML_Emissive_Custom.uasset" 192
"../../../../../../Users/Siwy/Desktop/QAP/GDTVBPCourseProjects/MarsMarine/Content/Characters/Marine/Textures/Tiles/T_Sctraches_01.uasset" 193
"../../../../../../Users/Siwy/Desktop/QAP/GDTVBPCourseProjects/MarsMarine/Content/Characters/Marine/Materials/ML_Glass.uasset" 194
"../../../../../../Users/Siwy/Desktop/QAP/GDTVBPCourseProjects/MarsMarine/Content/Characters/Marine/Textures/Chr_FPS_Metal_02.uasset" 195
"../../../../../../Users/Siwy/Desktop/QAP/GDTVBPCourseProjects/MarsMarine/Content/Characters/Marine/Materials/ML_Metal_light.uasset" 196
"../../../../../../Users/Siwy/Desktop/QAP/GDTVBPCourseProjects/MarsMarine/Content/Characters/Marine/Textures/Chr_FPS_Metal_01.uasset" 197
"../../../../../../Users/Siwy/Desktop/QAP/GDTVBPCourseProjects/MarsMarine/Content/Characters/Marine/Materials/ML_Metal_Painted.uasset" 198
"../../../../../../Users/Siwy/Desktop/QAP/GDTVBPCourseProjects/MarsMarine/Content/Characters/Marine/Materials/ML_Rubber_dark.uasset" 199
"../../../../../../Users/Siwy/Desktop/QAP/GDTVBPCourseProjects/MarsMarine/Content/Characters/Marine/Textures/Chr_FPS_Fabric_N_01.uasset" 200
"../../../../../../Users/Siwy/Desktop/QAP/GDTVBPCourseProjects/MarsMarine/Content/Characters/Marine/Materials/ML_Rubber_light.uasset" 201
"../../../../../../Users/Siwy/Desktop/QAP/GDTVBPCourseProjects/MarsMarine/Content/Characters/Marine/Materials/M_BodyDamage.uasset" 202
"../../../../../../Users/Siwy/Desktop/QAP/GDTVBPCourseProjects/MarsMarine/Content/Characters/Marine/Textures/Chr_FPS_M_03tga.uasset" 203
"../../../../../../Users/Siwy/Desktop/QAP/GDTVBPCourseProjects/MarsMarine/Content/Characters/Marine/Textures/Chr_FPS_N.uasset" 204
"../../../../../../Users/Siwy/Desktop/QAP/GDTVBPCourseProjects/MarsMarine/Content/Characters/Marine/Materials/M_Marine.uasset" 205
"../../../../../../Users/Siwy/Desktop/QAP/GDTVBPCourseProjects/MarsMarine/Content/Characters/Marine/Materials/MI_Marine.uasset" 206
"../../../../../../Users/Siwy/Desktop/QAP/GDTVBPCourseProjects/MarsMarine/Content/Characters/Marine/Marine_PhysicsAsset.uasset" 207
"../../../../../../Users/Siwy/Desktop/QAP/GDTVBPCourseProjects/MarsMarine/Content/Characters/Marine/Marine.uasset" 208
"../../../../../../Users/Siwy/Desktop/QAP/GDTVBPCourseProjects/MarsMarine/Content/Effects/Misc/Textures/LensFlare/Flare_02.uasset" 209
"../../../../../../Users/Siwy/Desktop/QAP/GDTVBPCourseProjects/MarsMarine/Content/Effects/Misc/Materials/LensFlare/M_LensFlare_02.uasset" 210
"../../../../../../Users/Siwy/Desktop/QAP/GDTVBPCourseProjects/MarsMarine/Content/Effects/Misc/Materials/Ramp/M_radial_ramp_soft.uasset" 211
"../../../../../../Users/Siwy/Desktop/QAP/GDTVBPCourseProjects/MarsMarine/Content/Effects/Misc/Textures/Smoke/T_Clouds_01.uasset" 212
"../../../../../../Users/Siwy/Desktop/QAP/GDTVBPCourseProjects/MarsMarine/Content/Effects/Misc/Textures/Smoke/T_SmokeBall_01_8_8.uasset" 213
"../../../../../../Users/Siwy/Desktop/QAP/GDTVBPCourseProjects/MarsMarine/Content/Effects/Misc/Materials/Smoke/M_ImpactSmoke.uasset" 214
"../../../../../../Users/Siwy/Desktop/QAP/GDTVBPCourseProjects/MarsMarine/Content/Effects/Misc/Textures/Water/T_Steam_02_Packed.uasset" 215
"../../../../../../Users/Siwy/Desktop/QAP/GDTVBPCourseProjects/MarsMarine/Content/Effects/Misc/Materials/Smoke/M_MuzzleSmokeDetail_GPU.uasset" 216
"../../../../../../Users/Siwy/Desktop/QAP/GDTVBPCourseProjects/MarsMarine/Content/Effects/Misc/Textures/Spark/T_SparkCore_2X2.uasset" 217
"../../../../../../Users/Siwy/Desktop/QAP/GDTVBPCourseProjects/MarsMarine/Content/Effects/Misc/Materials/spark/M_spark_subUV.uasset" 218
"../../../../../../Users/Siwy/Desktop/QAP/GDTVBPCourseProjects/MarsMarine/Content/Effects/Weapons/Impacts/P_AssaultRifle_IH.uasset" 219
"../../../../../../Users/Siwy/Desktop/QAP/GDTVBPCourseProjects/MarsMarine/Content/Effects/Misc/Textures/LensFlare/T_Lensflare_01.uasset" 220
"../../../../../../Users/Siwy/Desktop/QAP/GDTVBPCourseProjects/MarsMarine/Content/Effects/Misc/Materials/LensFlare/M_Lensflare_01.uasset" 221
"../../../Engine/Content/Functions/Engine_MaterialFunctions01/Gradient/RadialGradient.uasset" 222
"../../../../../../Users/Siwy/Desktop/QAP/GDTVBPCourseProjects/MarsMarine/Content/Effects/Misc/Materials/Ramp/M_SoftGradient_Muzzle.uasset" 223
"../../../../../../Users/Siwy/Desktop/QAP/GDTVBPCourseProjects/MarsMarine/Content/Effects/Misc/Materials/Smoke/M_SmokeBall.uasset" 224
"../../../../../../Users/Siwy/Desktop/QAP/GDTVBPCourseProjects/MarsMarine/Content/Effects/Misc/Textures/Weapon/T_muzzle_flashes.uasset" 225
"../../../../../../Users/Siwy/Desktop/QAP/GDTVBPCourseProjects/MarsMarine/Content/Effects/Misc/Materials/Weapon/M_muzzle_flash_subUV.uasset" 226
"../../../Engine/Content/Functions/Engine_MaterialFunctions01/Gradient/LinearGradient.uasset" 227
"../../../../../../Users/Siwy/Desktop/QAP/GDTVBPCourseProjects/MarsMarine/Content/Effects/Misc/Textures/Mask/T_SquareMaskTightEdge.uasset" 228
"../../../../../../Users/Siwy/Desktop/QAP/GDTVBPCourseProjects/MarsMarine/Content/Effects/Misc/Textures/Noise/T_TileNoise.uasset" 229
"../../../../../../Users/Siwy/Desktop/QAP/GDTVBPCourseProjects/MarsMarine/Content/Effects/Misc/Materials/Weapon/M_MuzzleGlow.uasset" 230
"../../../../../../Users/Siwy/Desktop/QAP/GDTVBPCourseProjects/MarsMarine/Content/Effects/Misc/Meshes/Weapon/SM_MuzzleCone.uasset" 231
"../../../../../../Users/Siwy/Desktop/QAP/GDTVBPCourseProjects/MarsMarine/Content/Effects/Weapons/Muzzle/P_AssaultRifle_MF.uasset" 232
"../../../../../../Users/Siwy/Desktop/QAP/GDTVBPCourseProjects/MarsMarine/Content/Sounds/Weapon_AssaultRifle/Stereo/AssaultRifle_ShotEnd01_Stereo.uasset" 233
"../../../../../../Users/Siwy/Desktop/QAP/GDTVBPCourseProjects/MarsMarine/Content/Sounds/Weapon_AssaultRifle/Stereo/AssaultRifle_ShotEnd02_Stereo.uasset" 234
"../../../../../../Users/Siwy/Desktop/QAP/GDTVBPCourseProjects/MarsMarine/Content/Sounds/Weapon_AssaultRifle/Stereo/AssaultRifle_ShotEnd03_Stereo.uasset" 235
"../../../../../../Users/Siwy/Desktop/QAP/GDTVBPCourseProjects/MarsMarine/Content/Sounds/Weapon_AssaultRifle/Stereo/AssaultRifle_ShotEnd04_Stereo.uasset" 236
"../../../../../../Users/Siwy/Desktop/QAP/GDTVBPCourseProjects/MarsMarine/Content/Sounds/Weapon_AssaultRifle/Stereo/AssaultRifle_ShotEnd05_Stereo.uasset" 237
"../../../../../../Users/Siwy/Desktop/QAP/GDTVBPCourseProjects/MarsMarine/Content/Sounds/Weapon_AssaultRifle/Stereo/AssaultRifle_ShotEnd06_Stereo.uasset" 238
"../../../../../../Users/Siwy/Desktop/QAP/GDTVBPCourseProjects/MarsMarine/Content/Sounds/Weapon_AssaultRifle/Stereo/RifleFireEnd_Cue.uasset" 239
"../../../../../../Users/Siwy/Desktop/QAP/GDTVBPCourseProjects/MarsMarine/Content/Sounds/Weapon_AssaultRifle/Stereo/AssaultRifle_ShotLoop01_Stereo.uasset" 240
"../../../../../../Users/Siwy/Desktop/QAP/GDTVBPCourseProjects/MarsMarine/Content/Sounds/Weapon_AssaultRifle/Stereo/AssaultRifle_ShotLoop02_Stereo.uasset" 241
"../../../../../../Users/Siwy/Desktop/QAP/GDTVBPCourseProjects/MarsMarine/Content/Sounds/Weapon_AssaultRifle/Stereo/AssaultRifle_ShotLoop03_Stereo.uasset" 242
"../../../../../../Users/Siwy/Desktop/QAP/GDTVBPCourseProjects/MarsMarine/Content/Sounds/Weapon_AssaultRifle/Stereo/RifleFireLoop_Cue.uasset" 243
"../../../../../../Users/Siwy/Desktop/QAP/GDTVBPCourseProjects/MarsMarine/Content/Characters/Enemy_Great_Spider/SK_Greater_Spider_Skeleton.uasset" 244
"../../../../../../Users/Siwy/Desktop/QAP/GDTVBPCourseProjects/MarsMarine/Content/Sounds/FoleyFlesh/Mono/FoleyFlesh_Gib01.uasset" 245
"../../../../../../Users/Siwy/Desktop/QAP/GDTVBPCourseProjects/MarsMarine/Content/Sounds/FoleyFlesh/Mono/FoleyFlesh_Gib02.uasset" 246
"../../../../../../Users/Siwy/Desktop/QAP/GDTVBPCourseProjects/MarsMarine/Content/Sounds/FoleyFlesh/Mono/FoleyFlesh_Gib03.uasset" 247
"../../../../../../Users/Siwy/Desktop/QAP/GDTVBPCourseProjects/MarsMarine/Content/Sounds/FoleyFlesh/Mono/FoleyFlesh_Gib04.uasset" 248
"../../../../../../Users/Siwy/Desktop/QAP/GDTVBPCourseProjects/MarsMarine/Content/Sounds/FoleyFlesh/Mono/FoleyFlesh_Gib05.uasset" 249
"../../../../../../Users/Siwy/Desktop/QAP/GDTVBPCourseProjects/MarsMarine/Content/Sounds/FoleyFlesh/Mono/FoleyFlesh_Gib06.uasset" 250
"../../../../../../Users/Siwy/Desktop/QAP/GDTVBPCourseProjects/MarsMarine/Content/Sounds/FoleyFlesh/Stereo/FoleyFlesh_Gib01_Stereo.uasset" 251
"../../../../../../Users/Siwy/Desktop/QAP/GDTVBPCourseProjects/MarsMarine/Content/Sounds/FoleyFlesh/Stereo/FoleyFlesh_Gib02_Stereo.uasset" 252
"../../../../../../Users/Siwy/Desktop/QAP/GDTVBPCourseProjects/MarsMarine/Content/Sounds/FoleyFlesh/Stereo/FoleyFlesh_Gib03_Stereo.uasset" 253
"../../../../../../Users/Siwy/Desktop/QAP/GDTVBPCourseProjects/MarsMarine/Content/Sounds/FoleyFlesh/Stereo/FoleyFlesh_Gib04_Stereo.uasset" 254
"../../../../../../Users/Siwy/Desktop/QAP/GDTVBPCourseProjects/MarsMarine/Content/Sounds/FoleyFlesh/Stereo/FoleyFlesh_Gib05_Stereo.uasset" 255
"../../../../../../Users/Siwy/Desktop/QAP/GDTVBPCourseProjects/MarsMarine/Content/Sounds/FoleyFlesh/Stereo/FoleyFlesh_Gib06_Stereo.uasset" 256
"../../../../../../Users/Siwy/Desktop/QAP/GDTVBPCourseProjects/MarsMarine/Content/Sounds/FoleyFlesh/Mono/FoleyFlesh_Gib_Cue.uasset" 257
"../../../../../../Users/Siwy/Desktop/QAP/GDTVBPCourseProjects/MarsMarine/Content/Characters/Enemy_Great_Spider/Animations/ExoGame_Greater_Spider_Death.uasset" 258
"../../../../../../Users/Siwy/Desktop/QAP/GDTVBPCourseProjects/MarsMarine/Content/Characters/Enemy_Great_Spider/Animations/ExoGame_Greater_Spider_Idle.uasset" 259
"../../../../../../Users/Siwy/Desktop/QAP/GDTVBPCourseProjects/MarsMarine/Content/Characters/Enemy_Great_Spider/Animations/ExoGame_Greater_Spider_Walk_Fwd.uasset" 260
"../../../../../../Users/Siwy/Desktop/QAP/GDTVBPCourseProjects/MarsMarine/Content/Characters/Enemy_Great_Spider/Animations/ABP_Spider.uasset" 261
"../../../../../../Users/Siwy/Desktop/QAP/GDTVBPCourseProjects/MarsMarine/Content/Characters/Enemy_Great_Spider/Animations/ExoGame_Greater_Spider_Attack_Melee.uasset" 262
"../../../../../../Users/Siwy/Desktop/QAP/GDTVBPCourseProjects/MarsMarine/Content/Characters/Enemy_Great_Spider/Animations/AlienAttack1.uasset" 263
"../../../../../../Users/Siwy/Desktop/QAP/GDTVBPCourseProjects/MarsMarine/Content/Characters/Enemy_Great_Spider/Textures/T_Enemy_GreaterSpider_Fire_D.uasset" 264
"../../../../../../Users/Siwy/Desktop/QAP/GDTVBPCourseProjects/MarsMarine/Content/Characters/Enemy_Great_Spider/Textures/T_Enemy_GreaterSpider_Fire_M.uasset" 265
"../../../../../../Users/Siwy/Desktop/QAP/GDTVBPCourseProjects/MarsMarine/Content/Characters/Enemy_Great_Spider/Textures/T_Enemy_GreaterSpider_Fire_N.uasset" 266
"../../../../../../Users/Siwy/Desktop/QAP/GDTVBPCourseProjects/MarsMarine/Content/Characters/Enemy_Great_Spider/Materials/CharM_Greater_Spider.uasset" 267
"../../../../../../Users/Siwy/Desktop/QAP/GDTVBPCourseProjects/MarsMarine/Content/Characters/Enemy_Great_Spider/SK_Greater_Spider.uasset" 268
"../../../../../../Users/Siwy/Desktop/QAP/GDTVBPCourseProjects/MarsMarine/Content/Blueprints/AI/BP_Alien.uasset" 269
"../../../../../../Users/Siwy/Desktop/QAP/GDTVBPCourseProjects/MarsMarine/Content/Blueprints/GameModes/BP_GameMode.uasset" 270
"../../../../../../Users/Siwy/Desktop/QAP/GDTVBPCourseProjects/MarsMarine/Content/UI/Textures/AttackerPortrait.uasset" 271
"../../../../../../Users/Siwy/Desktop/QAP/GDTVBPCourseProjects/MarsMarine/Content/UI/Textures/MarinePortrait.uasset" 272
"../../../../../../Users/Siwy/Desktop/QAP/GDTVBPCourseProjects/MarsMarine/Content/UI/W_PlayerHUD.uasset" 273
"../../../Engine/Content/Functions/MaterialLayerFunctions/MatLayerBlend_Decal.uasset" 274
"../../../Engine/Content/Functions/MaterialLayerFunctions/MatLayerBlend_RoughnessOverride.uasset" 275
"../../../../../../Users/Siwy/Desktop/QAP/GDTVBPCourseProjects/MarsMarine/Content/Weapons/MaterialLayers/ML_BoltMetal.uasset" 276
"../../../../../../Users/Siwy/Desktop/QAP/GDTVBPCourseProjects/MarsMarine/Content/Weapons/MaterialLayers/T_ExampleLayers_Metal02_N.uasset" 277
"../../../../../../Users/Siwy/Desktop/QAP/GDTVBPCourseProjects/MarsMarine/Content/Weapons/MaterialLayers/ML_Metal_Copper.uasset" 278
"../../../../../../Users/Siwy/Desktop/QAP/GDTVBPCourseProjects/MarsMarine/Content/Weapons/MaterialLayers/T_Metal_Metal02_D.uasset" 279
"../../../../../../Users/Siwy/Desktop/QAP/GDTVBPCourseProjects/MarsMarine/Content/Weapons/MaterialLayers/ML_Metal_Gray.uasset" 280
"../../../../../../Users/Siwy/Desktop/QAP/GDTVBPCourseProjects/MarsMarine/Content/Weapons/MaterialLayers/T_PaintedMetal01_N.uasset" 281
"../../../../../../Users/Siwy/Desktop/QAP/GDTVBPCourseProjects/MarsMarine/Content/Weapons/MaterialLayers/T_PaintedMetal02.uasset" 282
"../../../../../../Users/Siwy/Desktop/QAP/GDTVBPCourseProjects/MarsMarine/Content/Weapons/MaterialLayers/ML_Paint.uasset" 283
"../../../../../../Users/Siwy/Desktop/QAP/GDTVBPCourseProjects/MarsMarine/Content/Weapons/MaterialLayers/T_Rubber.uasset" 284
"../../../../../../Users/Siwy/Desktop/QAP/GDTVBPCourseProjects/MarsMarine/Content/Weapons/MaterialLayers/ML_Rubber.uasset" 285
"../../../../../../Users/Siwy/Desktop/QAP/GDTVBPCourseProjects/MarsMarine/Content/Weapons/Textures/MagGun_01_N.uasset" 286
"../../../../../../Users/Siwy/Desktop/QAP/GDTVBPCourseProjects/MarsMarine/Content/Weapons/Textures/MagGun_Decals.uasset" 287
"../../../../../../Users/Siwy/Desktop/QAP/GDTVBPCourseProjects/MarsMarine/Content/Weapons/Textures/MagGunT1_section.uasset" 288
"../../../../../../Users/Siwy/Desktop/QAP/GDTVBPCourseProjects/MarsMarine/Content/Weapons/Textures/MagGunT1_shade.uasset" 289
"../../../../../../Users/Siwy/Desktop/QAP/GDTVBPCourseProjects/MarsMarine/Content/Weapons/Materials/MagGun_MatA.uasset" 290
"../../../../../../Users/Siwy/Desktop/QAP/GDTVBPCourseProjects/MarsMarine/Content/Weapons/Materials/MagGun_MatA_Inst3.uasset" 291
"../../../Engine/Content/Functions/MaterialLayerFunctions/MatLayerBlend_Emissive.uasset" 292
"../../../../../../Users/Siwy/Desktop/QAP/GDTVBPCourseProjects/MarsMarine/Content/Weapons/Textures/MagGun_02_N.uasset" 293
"../../../../../../Users/Siwy/Desktop/QAP/GDTVBPCourseProjects/MarsMarine/Content/Weapons/Textures/MagGun_Display_EM.uasset" 294
"../../../../../../Users/Siwy/Desktop/QAP/GDTVBPCourseProjects/MarsMarine/Content/Weapons/Textures/MagGunT2_section.uasset" 295
"../../../../../../Users/Siwy/Desktop/QAP/GDTVBPCourseProjects/MarsMarine/Content/Weapons/Textures/MagGunT2_shade.uasset" 296
"../../../../../../Users/Siwy/Desktop/QAP/GDTVBPCourseProjects/MarsMarine/Content/Weapons/Materials/MagGun_MatB.uasset" 297
"../../../../../../Users/Siwy/Desktop/QAP/GDTVBPCourseProjects/MarsMarine/Content/Weapons/Materials/MagGun_MatB_Inst2.uasset" 298
"../../../../../../Users/Siwy/Desktop/QAP/GDTVBPCourseProjects/MarsMarine/Content/Characters/Marine/Textures/holo_layer_1_5.uasset" 299
"../../../../../../Users/Siwy/Desktop/QAP/GDTVBPCourseProjects/MarsMarine/Content/Weapons/Textures/SightLens_maskA.uasset" 300
"../../../../../../Users/Siwy/Desktop/QAP/GDTVBPCourseProjects/MarsMarine/Content/Weapons/Textures/SightLens_maskB.uasset" 301
"../../../../../../Users/Siwy/Desktop/QAP/GDTVBPCourseProjects/MarsMarine/Content/Weapons/Materials/MagGun_SightLens_Mat.uasset" 302
"../../../../../../Users/Siwy/Desktop/QAP/GDTVBPCourseProjects/MarsMarine/Content/Weapons/Materials/MagGun_SightLens_Mat_Inst.uasset" 303
"../../../../../../Users/Siwy/Desktop/QAP/GDTVBPCourseProjects/MarsMarine/Content/Weapons/Rifle_Skeleton.uasset" 304
"../../../../../../Users/Siwy/Desktop/QAP/GDTVBPCourseProjects/MarsMarine/Content/Weapons/Rifle.uasset" 305
"../../../../../../Users/Siwy/Desktop/QAP/GDTVBPCourseProjects/MarsMarine/Content/Blueprints/Pawns/BP_Marine.uasset" 306
"../../../../../../Users/Siwy/Desktop/QAP/GDTVBPCourseProjects/MarsMarine/Content/Effects/Misc/Materials/Gameplay/Pickups/M_PickUp_Master.uasset" 307
"../../../../../../Users/Siwy/Desktop/QAP/GDTVBPCourseProjects/MarsMarine/Content/Effects/Misc/Meshes/Gameplay/Pickups/SM_Health.uasset" 308
"../../../../../../Users/Siwy/Desktop/QAP/GDTVBPCourseProjects/MarsMarine/Content/Effects/Misc/Meshes/General/S_Sphere.uasset" 309
"../../../../../../Users/Siwy/Desktop/QAP/GDTVBPCourseProjects/MarsMarine/Content/Effects/Pick-ups/P_Health.uasset" 310
"../../../../../../Users/Siwy/Desktop/QAP/GDTVBPCourseProjects/MarsMarine/Content/Blueprints/Pickups/BP_HealthPickup.uasset" 311
"../../../../../../Users/Siwy/Desktop/QAP/GDTVBPCourseProjects/MarsMarine/Content/Blueprints/Volumes/BP_MissionAreaVolume.uasset" 312
"../../../../../../Users/Siwy/Desktop/QAP/GDTVBPCourseProjects/MarsMarine/Content/Levels/Mars_BuiltData.uasset" 313
"../../../../../../Users/Siwy/Desktop/QAP/GDTVBPCourseProjects/MarsMarine/Content/Rocks/Textures/T_Ground_Gravel_D.uasset" 314
"../../../../../../Users/Siwy/Desktop/QAP/GDTVBPCourseProjects/MarsMarine/Content/Rocks/Textures/T_Ground_Gravel_N.uasset" 315
"../../../../../../Users/Siwy/Desktop/QAP/GDTVBPCourseProjects/MarsMarine/Content/Rocks/Textures/T_MacroVariation.uasset" 316
"../../../../../../Users/Siwy/Desktop/QAP/GDTVBPCourseProjects/MarsMarine/Content/Rocks/Textures/T_Perlin_Noise_M.uasset" 317
"../../../../../../Users/Siwy/Desktop/QAP/GDTVBPCourseProjects/MarsMarine/Content/Rocks/Materials/M_MarsRock.uasset" 318
"../../../../../../Users/Siwy/Desktop/QAP/GDTVBPCourseProjects/MarsMarine/Content/Rocks/Textures/T_Rock_Sandstone_D.uasset" 319
"../../../../../../Users/Siwy/Desktop/QAP/GDTVBPCourseProjects/MarsMarine/Content/Rocks/Textures/T_Rock_Sandstone_N.uasset" 320
"../../../../../../Users/Siwy/Desktop/QAP/GDTVBPCourseProjects/MarsMarine/Content/Rocks/Materials/M_Rock_Sandstone.uasset" 321
"../../../Engine/Content/EngineMaterials/DefaultPhysicalMaterial.uasset" 322
"../../../../../../Users/Siwy/Desktop/QAP/GDTVBPCourseProjects/MarsMarine/Content/Rocks/SM_Rock.uasset" 323
"../../../../../../Users/Siwy/Desktop/QAP/GDTVBPCourseProjects/MarsMarine/Content/Levels/Mars.umap" 324
"../../../Engine/Content/Maps/Entry_BuiltData.uasset" 325
"../../../Engine/Content/Maps/Entry.umap" 326
