"../../../../../../Users/Siwy/Desktop/QAP/GDTVBPCourseProjects/CrystalCavern/Content/StarterContent/Audio/Collapse01.uasset" 0
"../../../../../../Users/Siwy/Desktop/QAP/GDTVBPCourseProjects/CrystalCavern/Content/StarterContent/Audio/Collapse02.uasset" 1
"../../../../../../Users/Siwy/Desktop/QAP/GDTVBPCourseProjects/CrystalCavern/Content/StarterContent/Audio/Fire01.uasset" 2
"../../../../../../Users/Siwy/Desktop/QAP/GDTVBPCourseProjects/CrystalCavern/Content/StarterContent/Audio/Fire_Sparks01.uasset" 3
"../../../../../../Users/Siwy/Desktop/QAP/GDTVBPCourseProjects/CrystalCavern/Content/StarterContent/Audio/Smoke01.uasset" 4
"../../../../../../Users/Siwy/Desktop/QAP/GDTVBPCourseProjects/CrystalCavern/Content/StarterContent/Audio/Starter_Birds01.uasset" 5
"../../../../../../Users/Siwy/Desktop/QAP/GDTVBPCourseProjects/CrystalCavern/Content/StarterContent/Audio/Starter_Music01.uasset" 6
"../../../../../../Users/Siwy/Desktop/QAP/GDTVBPCourseProjects/CrystalCavern/Content/StarterContent/Audio/Starter_Wind05.uasset" 7
"../../../../../../Users/Siwy/Desktop/QAP/GDTVBPCourseProjects/CrystalCavern/Content/StarterContent/Audio/Starter_Wind06.uasset" 8
"../../../../../../Users/Siwy/Desktop/QAP/GDTVBPCourseProjects/CrystalCavern/Content/StarterContent/Audio/Steam01.uasset" 9
"../../../Engine/Content/Functions/Engine_MaterialFunctions01/Opacity/CameraDepthFade.uasset" 10
"../../../Engine/Content/EngineMaterials/T_Default_Material_Grid_M.uasset" 11
"../../../Engine/Content/EngineMaterials/T_Default_Material_Grid_N.uasset" 12
"../../../Engine/Content/EngineMaterials/WorldGridMaterial.uasset" 13
"../../../Engine/Content/ArtTools/RenderToTexture/Meshes/S_1_Unit_Plane.uasset" 14
"../../../Engine/Content/EngineMaterials/DefaultMaterial.uasset" 15
"../../../Engine/Content/BasicShapes/Cone.uasset" 16
"../../../Engine/Content/BasicShapes/Cube.uasset" 17
"../../../Engine/Content/BasicShapes/Cylinder.uasset" 18
"../../../Engine/Content/BasicShapes/Plane.uasset" 19
"../../../Engine/Content/BasicShapes/Sphere.uasset" 20
"../../../Engine/Content/EditorLandscapeResources/DataLayer.uasset" 21
"../../../Engine/Content/EditorMaterials/GizmoMaterial.uasset" 22
"../../../Engine/Content/EditorMaterials/MAT_Groups_Toggle.uasset" 23
"../../../Engine/Content/EditorMaterials/MAT_Groups_Visibility.uasset" 24
"../../../Engine/Content/EditorMaterials/PreviewShadowIndicator.uasset" 25
"../../../Engine/Content/EditorMaterials/PreviewShadowIndicatorMaterial.uasset" 26
"../../../Engine/Content/EditorMaterials/MatineeGroups/MAT_ColorTrack.uasset" 27
"../../../Engine/Content/EditorMaterials/MatineeGroups/MAT_Groups_Anim.uasset" 28
"../../../Engine/Content/EditorMaterials/MatineeGroups/MAT_Groups_AudioMaster.uasset" 29
"../../../Engine/Content/EditorMaterials/MatineeGroups/MAT_Groups_Director.uasset" 30
"../../../Engine/Content/EditorMaterials/MatineeGroups/MAT_Groups_Event.uasset" 31
"../../../Engine/Content/EditorMaterials/MatineeGroups/MAT_Groups_Fade.uasset" 32
"../../../Engine/Content/EditorMaterials/MatineeGroups/MAT_Groups_Float.uasset" 33
"../../../Engine/Content/EditorMaterials/MatineeGroups/MAT_Groups_Move.uasset" 34
"../../../Engine/Content/EditorMaterials/MatineeGroups/MAT_Groups_Slomo.uasset" 35
"../../../Engine/Content/EditorMaterials/MatineeGroups/MAT_Groups_Sound.uasset" 36
"../../../Engine/Content/EditorMaterials/MatineeGroups/MAT_Groups_Vector.uasset" 37
"../../../Engine/Content/EditorMaterials/ParticleSystems/PSysThumbnail_NoImage.uasset" 38
"../../../Engine/Content/EditorMaterials/ParticleSystems/PSysThumbnail_OOD.uasset" 39
"../../../Engine/Content/EditorMaterials/Camera/CineMat.uasset" 40
"../../../Engine/Content/EditorMaterials/Camera/MI_CineMat_Rig.uasset" 41
"../../../Engine/Content/EditorMeshes/Camera/SM_CraneRig_Arm.uasset" 42
"../../../Engine/Content/EditorMeshes/Camera/SM_CraneRig_Base.uasset" 43
"../../../Engine/Content/EditorMeshes/Camera/SM_CraneRig_Body.uasset" 44
"../../../Engine/Content/EditorMeshes/Camera/SM_CraneRig_Mount.uasset" 45
"../../../Engine/Content/EditorMeshes/Camera/SM_RailRig_Mount.uasset" 46
"../../../Engine/Content/EditorMeshes/Camera/SM_RailRig_Track.uasset" 47
"../../../Engine/Content/EditorResources/BSPVertex.uasset" 48
"../../../Engine/Content/EditorResources/EmptyActor.uasset" 49
"../../../Engine/Content/EditorResources/S_Actor.uasset" 50
"../../../Engine/Content/EditorResources/S_Trigger.uasset" 51
"../../../Engine/Content/EditorResources/AudioIcons/S_AudioComponent.uasset" 52
"../../../Engine/Content/EditorResources/AudioIcons/S_AudioComponent_AutoActivate.uasset" 53
"../../../Engine/Content/EditorResources/LightIcons/S_LightError.uasset" 54
"../../../Engine/Content/EditorResources/SequenceRecorder/Countdown.uasset" 55
"../../../Engine/Content/EditorResources/SequenceRecorder/RecordingIndicator.uasset" 56
"../../../Engine/Content/EditorSounds/Notifications/CompileFailed.uasset" 57
"../../../Engine/Content/EditorSounds/Notifications/CompileFailed_Cue.uasset" 58
"../../../Engine/Content/EditorSounds/Notifications/CompileSuccess.uasset" 59
"../../../Engine/Content/EditorSounds/Notifications/CompileStart_Cue.uasset" 60
"../../../Engine/Content/EditorSounds/Notifications/CompileSuccess_Cue.uasset" 61
"../../../Engine/Content/EngineDamageTypes/DmgTypeBP_Environmental.uasset" 62
"../../../Engine/Content/EngineDebugMaterials/HeatmapGradient.uasset" 63
"../../../Engine/Content/EngineDebugMaterials/BoneWeightMaterial.uasset" 64
"../../../Engine/Content/EngineDebugMaterials/ClothMaterial.uasset" 65
"../../../Engine/Content/EngineDebugMaterials/ClothMaterial_WF.uasset" 66
"../../../Engine/Content/EngineDebugMaterials/DebugEditorMaterial.uasset" 67
"../../../Engine/Content/EngineDebugMaterials/DebugMeshMaterial.uasset" 68
"../../../Engine/Content/EngineDebugMaterials/GeomMaterial.uasset" 69
"../../../Engine/Content/EngineDebugMaterials/M_SimpleTranslucent.uasset" 70
"../../../Engine/Content/EngineFonts/Faces/RobotoBold.uasset" 71
"../../../Engine/Content/EngineFonts/Faces/RobotoBoldItalic.uasset" 72
"../../../Engine/Content/EngineFonts/Faces/RobotoItalic.uasset" 73
"../../../Engine/Content/EngineFonts/Faces/RobotoLight.uasset" 74
"../../../Engine/Content/EngineFonts/Faces/RobotoRegular.uasset" 75
"../../../Engine/Content/EngineFonts/Roboto.uasset" 76
"../../../Engine/Content/EngineFonts/Faces/RobotoTiny.uasset" 77
"../../../Engine/Content/EngineFonts/RobotoTiny.uasset" 78
"../../../Engine/Content/EngineMaterials/BaseFlattenDiffuseMap.uasset" 79
"../../../Engine/Content/EngineMaterials/BaseFlattenEmissiveMap.uasset" 80
"../../../Engine/Content/EngineMaterials/BaseFlattenGrayscaleMap.uasset" 81
"../../../Engine/Content/EngineMaterials/BaseFlattenNormalMap.uasset" 82
"../../../Engine/Content/EngineMaterials/BaseFlattenMaterial.uasset" 83
"../../../Engine/Content/EngineMaterials/DefaultBloomKernel.uasset" 84
"../../../Engine/Content/EngineMaterials/DefaultBokeh.uasset" 85
"../../../Engine/Content/EngineMaterials/DefaultDiffuse.uasset" 86
"../../../Engine/Content/EngineMaterials/DefaultDeferredDecalMaterial.uasset" 87
"../../../Engine/Content/EngineMaterials/DefaultLightFunctionMaterial.uasset" 88
"../../../Engine/Content/EngineMaterials/DefaultPhysicalMaterial.uasset" 89
"../../../Engine/Content/Functions/Engine_MaterialFunctions02/Utility/BreakOutFloat2Components.uasset" 90
"../../../Engine/Content/EngineMaterials/DefaultPostProcessMaterial.uasset" 91
"../../../Engine/Content/EngineFonts/RobotoDistanceField.uasset" 92
"../../../Engine/Content/EngineMaterials/DefaultTextMaterialOpaque.uasset" 93
"../../../Engine/Content/EngineMaterials/DefaultWhiteGrid.uasset" 94
"../../../Engine/Content/EngineMaterials/EditorBrushMaterial.uasset" 95
"../../../Engine/Content/EngineMaterials/Good64x64TilingNoiseHighFreq.uasset" 96
"../../../Engine/Content/EngineMaterials/MiniFont.uasset" 97
"../../../Engine/Content/EngineMaterials/InvalidLightmapSettings.uasset" 98
"../../../Engine/Content/EngineMaterials/M_InvalidLightmapSettings.uasset" 99
"../../../Engine/Content/Functions/Engine_MaterialFunctions02/WorldPositionOffset/CameraOffset.uasset" 100
"../../../Engine/Content/EngineMaterials/PhAT_JointLimitMaterial.uasset" 101
"../../../Engine/Content/EngineMaterials/PreintegratedSkinBRDF.uasset" 102
"../../../Engine/Content/EngineMaterials/RemoveSurfaceMaterial.uasset" 103
"../../../Engine/Content/EngineMaterials/WeightMapPlaceholderTexture.uasset" 104
"../../../Engine/Content/EngineResources/WhiteSquareTexture.uasset" 105
"../../../Engine/Content/EngineMaterials/Widget3DPassThrough.uasset" 106
"../../../Engine/Content/EngineMaterials/Widget3DPassThrough_Masked.uasset" 107
"../../../Engine/Content/EngineMaterials/Widget3DPassThrough_Opaque.uasset" 108
"../../../Engine/Content/EngineMaterials/Widget3DPassThrough_Masked_OneSided.uasset" 109
"../../../Engine/Content/EngineMaterials/Widget3DPassThrough_Opaque_OneSided.uasset" 110
"../../../Engine/Content/EngineMaterials/Widget3DPassThrough_Translucent.uasset" 111
"../../../Engine/Content/EngineMaterials/Widget3DPassThrough_Translucent_OneSided.uasset" 112
"../../../Engine/Content/EngineMeshes/Cylinder.uasset" 113
"../../../Engine/Content/EngineMeshes/Sphere.uasset" 114
"../../../Engine/Content/EngineResources/Black.uasset" 115
"../../../Engine/Content/EngineResources/DefaultTexture.uasset" 116
"../../../Engine/Content/EngineResources/DefaultTextureCube.uasset" 117
"../../../Engine/Content/EngineResources/DefaultVolumeTexture2D.uasset" 118
"../../../Engine/Content/EngineResources/DefaultVolumeTexture.uasset" 119
"../../../Engine/Content/EngineResources/GradientTexture0.uasset" 120
"../../../Engine/Content/EngineSounds/Master.uasset" 121
"../../../Engine/Content/Functions/Engine_MaterialFunctions01/Shading/ConvertFromDiffSpec.uasset" 122
"../../../Engine/Content/Functions/Engine_MaterialFunctions01/Shading/PowerToRoughness.uasset" 123
"../../../Engine/Content/Maps/Templates/Thumbnails/Default.uasset" 124
"../../../Engine/Content/Maps/Templates/Thumbnails/VR-Basic.uasset" 125
"../../../Engine/Content/MobileResources/T_MobileControls_texture.uasset" 126
"../../../Engine/Content/MobileResources/T_MobileMenu2.uasset" 127
"../../../Engine/Content/MobileResources/HUD/AnalogHat.uasset" 128
"../../../Engine/Content/MobileResources/HUD/VirtualJoystick_Background.uasset" 129
"../../../Engine/Content/MobileResources/HUD/VirtualJoystick_Thumb.uasset" 130
"../../../Engine/Content/MobileResources/HUD/DefaultVirtualJoysticks.uasset" 131
"../../../Engine/Content/MobileResources/HUD/LeftVirtualJoystickOnly.uasset" 132
"../../../Engine/Content/MobileResources/HUD/MobileHUDButton1_off.uasset" 133
"../../../Engine/Content/MobileResources/HUD/MobileHUDButton1_on.uasset" 134
"../../../Engine/Content/MobileResources/HUD/MobileHUDButton2_off.uasset" 135
"../../../Engine/Content/MobileResources/HUD/MobileHUDButton2_on.uasset" 136
"../../../Engine/Content/MobileResources/HUD/MobileHUDButton3.uasset" 137
"../../../Engine/Content/MobileResources/HUD/MobileHUDButtonFire.uasset" 138
"../../../Engine/Content/MobileResources/HUD/MobileHUDDirectionPad.uasset" 139
"../../../Engine/Content/MobileResources/HUD/MobileHUDDirectionPad2.uasset" 140
"../../../Engine/Content/MobileResources/HUD/MobileHUDDirectionPad3.uasset" 141
"../../../Engine/Content/MobileResources/HUD/MobileHUDDirectionStick.uasset" 142
"../../../Engine/Content/MobileResources/HUD/T_Castle_ThumbstickInner.uasset" 143
"../../../Engine/Content/MobileResources/HUD/T_Castle_ThumbstickOutter.uasset" 144
"../../../Engine/Content/Tutorial/ContentIntroCurve.uasset" 145
"../../../Engine/Content/VREditor/LaserPointer/VR_LaserPower_01.uasset" 146
"../../../Engine/Content/VREditor/TransformGizmo/TransformGizmoMaterial.uasset" 147
"../../../Engine/Content/VREditor/TransformGizmo/TranslucentTransformGizmoMaterial.uasset" 148
"../../../Engine/Content/VREditor/TransformGizmo/BoundingBoxCorner.uasset" 149
"../../../Engine/Content/VREditor/TransformGizmo/BoundingBoxEdge.uasset" 150
"../../../Engine/Content/VREditor/TransformGizmo/PlaneTranslationHandle.uasset" 151
"../../../Engine/Content/VREditor/TransformGizmo/Main.uasset" 152
"../../../Engine/Content/VREditor/TransformGizmo/Xray.uasset" 153
"../../../Engine/Content/VREditor/TransformGizmo/SM_Sequencer_Key.uasset" 154
"../../../Engine/Content/VREditor/TransformGizmo/SM_Sequencer_Node.uasset" 155
"../../Plugins/2D/Paper2D/Content/PlaceholderTextures/DummySpriteTexture.uasset" 156
"../../Plugins/2D/Paper2D/Content/DummySprite.uasset" 157
"../../Plugins/2D/Paper2D/Content/DefaultPaperTerrainMaterial.uasset" 158
"../../Plugins/2D/Paper2D/Content/DefaultSpriteMaterial.uasset" 159
"../../Plugins/2D/Paper2D/Content/MaskedUnlitSpriteMaterial.uasset" 160
"../../Plugins/2D/Paper2D/Content/OpaqueUnlitSpriteMaterial.uasset" 161
"../../Plugins/Runtime/Oculus/OculusVR/Content/Materials/PokeAHoleMaterial.uasset" 162
"../../Plugins/Runtime/Oculus/OculusVR/Content/Textures/GearVRController_AO.uasset" 163
"../../Plugins/Runtime/Oculus/OculusVR/Content/Textures/GearVRController_Color.uasset" 164
"../../Plugins/Runtime/Oculus/OculusVR/Content/Textures/GearVRController_Normal.uasset" 165
"../../Plugins/Runtime/Oculus/OculusVR/Content/Materials/GearVRControllerMaterial.uasset" 166
"../../Plugins/Runtime/Oculus/OculusVR/Content/Meshes/GearVrController.uasset" 167
"../../Plugins/Runtime/Oculus/OculusVR/Content/Textures/touchController_albedo.uasset" 168
"../../Plugins/Runtime/Oculus/OculusVR/Content/Textures/touchController_controlmap.uasset" 169
"../../Plugins/Runtime/Oculus/OculusVR/Content/Materials/touchController_mat.uasset" 170
"../../Plugins/Runtime/Oculus/OculusVR/Content/Meshes/LeftTouchController.uasset" 171
"../../Plugins/Runtime/Oculus/OculusVR/Content/Meshes/RiftHMD.uasset" 172
"../../Plugins/Runtime/Oculus/OculusVR/Content/Meshes/RightTouchController.uasset" 173
"../../../../../../Users/Siwy/Desktop/QAP/GDTVBPCourseProjects/CrystalCavern/Content/StarterContent/Textures/T_MacroVariation.uasset" 174
"../../../../../../Users/Siwy/Desktop/QAP/GDTVBPCourseProjects/CrystalCavern/Content/StarterContent/Materials/M_Metal_Chrome.uasset" 175
"../../../../../../Users/Siwy/Desktop/QAP/GDTVBPCourseProjects/CrystalCavern/Content/StarterContent/Props/MaterialSphere.uasset" 176
"../../../../../../Users/Siwy/Desktop/QAP/GDTVBPCourseProjects/CrystalCavern/Content/Actors/Projectiles/BP_Projectile.uasset" 177
"../../../../../../Users/Siwy/Desktop/QAP/GDTVBPCourseProjects/CrystalCavern/Content/StarterContent/Textures/T_Metal_Steel_D.uasset" 178
"../../../../../../Users/Siwy/Desktop/QAP/GDTVBPCourseProjects/CrystalCavern/Content/StarterContent/Textures/T_Metal_Steel_N.uasset" 179
"../../../../../../Users/Siwy/Desktop/QAP/GDTVBPCourseProjects/CrystalCavern/Content/StarterContent/Materials/M_Metal_Steel.uasset" 180
"../../../../../../Users/Siwy/Desktop/QAP/GDTVBPCourseProjects/CrystalCavern/Content/Meshes/Cannon/Cannon.uasset" 181
"../../../../../../Users/Siwy/Desktop/QAP/GDTVBPCourseProjects/CrystalCavern/Content/Meshes/Cannon/Cannon_Base.uasset" 182
"../../../../../../Users/Siwy/Desktop/QAP/GDTVBPCourseProjects/CrystalCavern/Content/Actors/Cannon/BP_Cannon.uasset" 183
"../../../../../../Users/Siwy/Desktop/QAP/GDTVBPCourseProjects/CrystalCavern/Content/Libraries/CC_MacroLibrary.uasset" 184
"../../../../../../Users/Siwy/Desktop/QAP/GDTVBPCourseProjects/CrystalCavern/Content/Materials/M_Crystal.uasset" 185
"../../../../../../Users/Siwy/Desktop/QAP/GDTVBPCourseProjects/CrystalCavern/Content/StarterContent/Materials/M_Basic_Wall.uasset" 186
"../../../../../../Users/Siwy/Desktop/QAP/GDTVBPCourseProjects/CrystalCavern/Content/StarterContent/Shapes/Shape_QuadPyramid.uasset" 187
"../../../../../../Users/Siwy/Desktop/QAP/GDTVBPCourseProjects/CrystalCavern/Content/Actors/Collectables/BP_Crystal.uasset" 188
"../../../../../../Users/Siwy/Desktop/QAP/GDTVBPCourseProjects/CrystalCavern/Content/Actors/Volumes/BP_DamageVolume.uasset" 189
"../../../Engine/Content/EditorBlueprintResources/StandardMacros.uasset" 190
"../../../../../../Users/Siwy/Desktop/QAP/GDTVBPCourseProjects/CrystalCavern/Content/Actors/Volumes/BP_WinVolume.uasset" 191
"../../../Engine/Content/Functions/Engine_MaterialFunctions02/Utility/BlendAngleCorrectedNormals.uasset" 192
"../../../../../../Users/Siwy/Desktop/QAP/GDTVBPCourseProjects/CrystalCavern/Content/StarterContent/Textures/T_Detail_Rocky_N.uasset" 193
"../../../../../../Users/Siwy/Desktop/QAP/GDTVBPCourseProjects/CrystalCavern/Content/StarterContent/Textures/T_Rock_Basalt_D.uasset" 194
"../../../../../../Users/Siwy/Desktop/QAP/GDTVBPCourseProjects/CrystalCavern/Content/StarterContent/Textures/T_RockMesh_M.uasset" 195
"../../../../../../Users/Siwy/Desktop/QAP/GDTVBPCourseProjects/CrystalCavern/Content/StarterContent/Textures/T_RockMesh_N.uasset" 196
"../../../../../../Users/Siwy/Desktop/QAP/GDTVBPCourseProjects/CrystalCavern/Content/StarterContent/Props/Materials/M_Rock.uasset" 197
"../../../../../../Users/Siwy/Desktop/QAP/GDTVBPCourseProjects/CrystalCavern/Content/StarterContent/Shapes/Shape_Sphere.uasset" 198
"../../../../../../Users/Siwy/Desktop/QAP/GDTVBPCourseProjects/CrystalCavern/Content/Blueprints/BP_PlayerPawn.uasset" 199
"../../../../../../Users/Siwy/Desktop/QAP/GDTVBPCourseProjects/CrystalCavern/Content/Blueprints/BP_GameMode.uasset" 200
"../../../../../../Users/Siwy/Desktop/QAP/GDTVBPCourseProjects/CrystalCavern/Content/Maps/Level1_BuiltData.uasset" 201
"../../../../../../Users/Siwy/Desktop/QAP/GDTVBPCourseProjects/CrystalCavern/Content/StarterContent/Textures/T_Metal_Gold_D.uasset" 202
"../../../../../../Users/Siwy/Desktop/QAP/GDTVBPCourseProjects/CrystalCavern/Content/StarterContent/Textures/T_Metal_Gold_N.uasset" 203
"../../../../../../Users/Siwy/Desktop/QAP/GDTVBPCourseProjects/CrystalCavern/Content/StarterContent/Materials/M_Metal_Gold.uasset" 204
"../../../../../../Users/Siwy/Desktop/QAP/GDTVBPCourseProjects/CrystalCavern/Content/StarterContent/Textures/T_Perlin_Noise_M.uasset" 205
"../../../../../../Users/Siwy/Desktop/QAP/GDTVBPCourseProjects/CrystalCavern/Content/StarterContent/Textures/T_Water_N.uasset" 206
"../../../../../../Users/Siwy/Desktop/QAP/GDTVBPCourseProjects/CrystalCavern/Content/StarterContent/Materials/M_Water_Lake.uasset" 207
"../../../../../../Users/Siwy/Desktop/QAP/GDTVBPCourseProjects/CrystalCavern/Content/StarterContent/Textures/T_Water_M.uasset" 208
"../../../../../../Users/Siwy/Desktop/QAP/GDTVBPCourseProjects/CrystalCavern/Content/StarterContent/Materials/M_Water_Ocean.uasset" 209
"../../../../../../Users/Siwy/Desktop/QAP/GDTVBPCourseProjects/CrystalCavern/Content/StarterContent/Textures/T_Wood_Walnut_D.uasset" 210
"../../../../../../Users/Siwy/Desktop/QAP/GDTVBPCourseProjects/CrystalCavern/Content/StarterContent/Textures/T_Wood_Walnut_N.uasset" 211
"../../../../../../Users/Siwy/Desktop/QAP/GDTVBPCourseProjects/CrystalCavern/Content/StarterContent/Materials/M_Wood_Walnut.uasset" 212
"../../../../../../Users/Siwy/Desktop/QAP/GDTVBPCourseProjects/CrystalCavern/Content/StarterContent/HDRI/HDRI_Epic_Courtyard_Daylight.uasset" 213
"../../../../../../Users/Siwy/Desktop/QAP/GDTVBPCourseProjects/CrystalCavern/Content/Maps/Level1.umap" 214
"../../../../../../Users/Siwy/Desktop/QAP/GDTVBPCourseProjects/CrystalCavern/Content/Maps/Level2_BuiltData.uasset" 215
"../../../../../../Users/Siwy/Desktop/QAP/GDTVBPCourseProjects/CrystalCavern/Content/Maps/Level2.umap" 216
"../../../../../../Users/Siwy/Desktop/QAP/GDTVBPCourseProjects/CrystalCavern/Content/StarterContent/Blueprints/Assets/FogBrightnessLUT.uasset" 217
"../../../../../../Users/Siwy/Desktop/QAP/GDTVBPCourseProjects/CrystalCavern/Content/StarterContent/Blueprints/Assets/SunlightColorLUT.uasset" 218
"../../../../../../Users/Siwy/Desktop/QAP/GDTVBPCourseProjects/CrystalCavern/Content/StarterContent/Blueprints/Assets/M_LightStage_Arrows.uasset" 219
"../../../Engine/Content/MapTemplates/Sky/DaylightAmbientCubemap.uasset" 220
"../../../../../../Users/Siwy/Desktop/QAP/GDTVBPCourseProjects/CrystalCavern/Content/StarterContent/Blueprints/Assets/M_LightStage_Skybox_Master.uasset" 221
"../../../../../../Users/Siwy/Desktop/QAP/GDTVBPCourseProjects/CrystalCavern/Content/StarterContent/Blueprints/Assets/M_LightStage_Skybox_Black.uasset" 222
"../../../../../../Users/Siwy/Desktop/QAP/GDTVBPCourseProjects/CrystalCavern/Content/StarterContent/Blueprints/Assets/M_LightStage_Skybox_HDRI.uasset" 223
"../../../Engine/Content/EditorMaterials/Thumbnails/SkySphereMaterial.uasset" 224
"../../../../../../Users/Siwy/Desktop/QAP/GDTVBPCourseProjects/CrystalCavern/Content/StarterContent/Blueprints/Assets/Skybox.uasset" 225
"../../../../../../Users/Siwy/Desktop/QAP/GDTVBPCourseProjects/CrystalCavern/Content/StarterContent/Blueprints/Assets/SM_Arrows.uasset" 226
"../../../../../../Users/Siwy/Desktop/QAP/GDTVBPCourseProjects/CrystalCavern/Content/StarterContent/Blueprints/BP_LightStudio.uasset" 227
"../../../../../../Users/Siwy/Desktop/QAP/GDTVBPCourseProjects/CrystalCavern/Content/StarterContent/Maps/Advanced_Lighting_BuiltData.uasset" 228
"../../../../../../Users/Siwy/Desktop/QAP/GDTVBPCourseProjects/CrystalCavern/Content/StarterContent/Materials/M_AssetPlatform.uasset" 229
"../../../Engine/Content/EditorMeshes/ColorCalibrator/M_ChromeBall.uasset" 230
"../../../Engine/Content/EditorMeshes/ColorCalibrator/M_ClearCoat.uasset" 231
"../../../Engine/Content/EditorMeshes/ColorCalibrator/M_ClearCoatBlack.uasset" 232
"../../../Engine/Content/EditorMeshes/ColorCalibrator/Color_checker.uasset" 233
"../../../Engine/Content/EditorMeshes/ColorCalibrator/M_ColorGrid.uasset" 234
"../../../Engine/Content/EditorMeshes/ColorCalibrator/M_GreyBall.uasset" 235
"../../../Engine/Content/EditorMeshes/ColorCalibrator/SM_ColorCalibrator.uasset" 236
"../../../../../../Users/Siwy/Desktop/QAP/GDTVBPCourseProjects/CrystalCavern/Content/StarterContent/Architecture/SM_AssetPlatform.uasset" 237
"../../../../../../Users/Siwy/Desktop/QAP/GDTVBPCourseProjects/CrystalCavern/Content/StarterContent/Maps/Advanced_Lighting.umap" 238
"../../../Engine/Content/EngineSky/C_Sky_Cloud_Color.uasset" 239
"../../../Engine/Content/EngineSky/C_Sky_Horizon_Color.uasset" 240
"../../../Engine/Content/EngineSky/C_Sky_Zenith_Color.uasset" 241
"../../../Engine/Content/EngineSky/T_Sky_Blue.uasset" 242
"../../../Engine/Content/EngineSky/T_Sky_Clouds_M.uasset" 243
"../../../Engine/Content/EngineSky/T_Sky_Stars.uasset" 244
"../../../Engine/Content/EngineSky/M_Sky_Panning_Clouds2.uasset" 245
"../../../Engine/Content/EngineSky/SM_SkySphere.uasset" 246
"../../../Engine/Content/EngineSky/BP_Sky_Sphere.uasset" 247
"../../../../../../Users/Siwy/Desktop/QAP/GDTVBPCourseProjects/CrystalCavern/Content/StarterContent/Maps/Minimal_Default_BuiltData.uasset" 248
"../../../../../../Users/Siwy/Desktop/QAP/GDTVBPCourseProjects/CrystalCavern/Content/StarterContent/Materials/M_Metal_Brushed_Nickel.uasset" 249
"../../../../../../Users/Siwy/Desktop/QAP/GDTVBPCourseProjects/CrystalCavern/Content/StarterContent/Textures/T_Metal_Aluminum_D.uasset" 250
"../../../../../../Users/Siwy/Desktop/QAP/GDTVBPCourseProjects/CrystalCavern/Content/StarterContent/Materials/M_Metal_Burnished_Steel.uasset" 251
"../../../../../../Users/Siwy/Desktop/QAP/GDTVBPCourseProjects/CrystalCavern/Content/StarterContent/Textures/T_Metal_Copper_D.uasset" 252
"../../../../../../Users/Siwy/Desktop/QAP/GDTVBPCourseProjects/CrystalCavern/Content/StarterContent/Materials/M_Metal_Copper.uasset" 253
"../../../../../../Users/Siwy/Desktop/QAP/GDTVBPCourseProjects/CrystalCavern/Content/StarterContent/Textures/T_Chair_M.uasset" 254
"../../../../../../Users/Siwy/Desktop/QAP/GDTVBPCourseProjects/CrystalCavern/Content/StarterContent/Textures/T_Chair_N.uasset" 255
"../../../../../../Users/Siwy/Desktop/QAP/GDTVBPCourseProjects/CrystalCavern/Content/StarterContent/Props/Materials/M_Chair.uasset" 256
"../../../../../../Users/Siwy/Desktop/QAP/GDTVBPCourseProjects/CrystalCavern/Content/StarterContent/Textures/T_Statue_M.uasset" 257
"../../../../../../Users/Siwy/Desktop/QAP/GDTVBPCourseProjects/CrystalCavern/Content/StarterContent/Textures/T_Statue_N.uasset" 258
"../../../../../../Users/Siwy/Desktop/QAP/GDTVBPCourseProjects/CrystalCavern/Content/StarterContent/Props/Materials/M_StatueGlass.uasset" 259
"../../../../../../Users/Siwy/Desktop/QAP/GDTVBPCourseProjects/CrystalCavern/Content/StarterContent/Materials/M_Basic_Floor.uasset" 260
"../../../../../../Users/Siwy/Desktop/QAP/GDTVBPCourseProjects/CrystalCavern/Content/StarterContent/Architecture/Floor_400x400.uasset" 261
"../../../../../../Users/Siwy/Desktop/QAP/GDTVBPCourseProjects/CrystalCavern/Content/StarterContent/Audio/Starter_Background_Cue.uasset" 262
"../../../../../../Users/Siwy/Desktop/QAP/GDTVBPCourseProjects/CrystalCavern/Content/StarterContent/Props/SM_Chair.uasset" 263
"../../../../../../Users/Siwy/Desktop/QAP/GDTVBPCourseProjects/CrystalCavern/Content/StarterContent/Props/Materials/M_Statue.uasset" 264
"../../../../../../Users/Siwy/Desktop/QAP/GDTVBPCourseProjects/CrystalCavern/Content/StarterContent/Props/SM_Statue.uasset" 265
"../../../../../../Users/Siwy/Desktop/QAP/GDTVBPCourseProjects/CrystalCavern/Content/StarterContent/Textures/T_TableRound_M.uasset" 266
"../../../../../../Users/Siwy/Desktop/QAP/GDTVBPCourseProjects/CrystalCavern/Content/StarterContent/Textures/T_TableRound_N.uasset" 267
"../../../../../../Users/Siwy/Desktop/QAP/GDTVBPCourseProjects/CrystalCavern/Content/StarterContent/Props/Materials/M_TableRound.uasset" 268
"../../../../../../Users/Siwy/Desktop/QAP/GDTVBPCourseProjects/CrystalCavern/Content/StarterContent/Props/SM_TableRound.uasset" 269
"../../../../../../Users/Siwy/Desktop/QAP/GDTVBPCourseProjects/CrystalCavern/Content/StarterContent/Maps/Minimal_Default.umap" 270
"../../../../../../Users/Siwy/Desktop/QAP/GDTVBPCourseProjects/CrystalCavern/Content/StarterContent/Audio/Fire01_Cue.uasset" 271
"../../../../../../Users/Siwy/Desktop/QAP/GDTVBPCourseProjects/CrystalCavern/Content/StarterContent/Textures/T_Fire_SubUV.uasset" 272
"../../../../../../Users/Siwy/Desktop/QAP/GDTVBPCourseProjects/CrystalCavern/Content/StarterContent/Textures/T_Fire_Tiled_D.uasset" 273
"../../../../../../Users/Siwy/Desktop/QAP/GDTVBPCourseProjects/CrystalCavern/Content/StarterContent/Particles/Materials/M_Fire_SubUV.uasset" 274
"../../../../../../Users/Siwy/Desktop/QAP/GDTVBPCourseProjects/CrystalCavern/Content/StarterContent/Particles/Materials/M_Heat_Distortion.uasset" 275
"../../../Engine/Content/Functions/Engine_MaterialFunctions01/Gradient/RadialGradient.uasset" 276
"../../../../../../Users/Siwy/Desktop/QAP/GDTVBPCourseProjects/CrystalCavern/Content/StarterContent/Particles/Materials/M_Radial_Gradient.uasset" 277
"../../../../../../Users/Siwy/Desktop/QAP/GDTVBPCourseProjects/CrystalCavern/Content/StarterContent/Textures/T_Smoke_SubUV.uasset" 278
"../../../../../../Users/Siwy/Desktop/QAP/GDTVBPCourseProjects/CrystalCavern/Content/StarterContent/Textures/T_Smoke_Tiled_D.uasset" 279
"../../../../../../Users/Siwy/Desktop/QAP/GDTVBPCourseProjects/CrystalCavern/Content/StarterContent/Particles/Materials/M_smoke_subUV.uasset" 280
"../../../../../../Users/Siwy/Desktop/QAP/GDTVBPCourseProjects/CrystalCavern/Content/StarterContent/Particles/P_Fire.uasset" 281
"../../../../../../Users/Siwy/Desktop/QAP/GDTVBPCourseProjects/CrystalCavern/Content/StarterContent/Blueprints/Blueprint_Effect_Fire.uasset" 282
"../../../../../../Users/Siwy/Desktop/QAP/GDTVBPCourseProjects/CrystalCavern/Content/StarterContent/Audio/Smoke01_Cue.uasset" 283
"../../../../../../Users/Siwy/Desktop/QAP/GDTVBPCourseProjects/CrystalCavern/Content/StarterContent/Particles/P_Smoke.uasset" 284
"../../../../../../Users/Siwy/Desktop/QAP/GDTVBPCourseProjects/CrystalCavern/Content/StarterContent/Blueprints/Blueprint_Effect_Smoke.uasset" 285
"../../../../../../Users/Siwy/Desktop/QAP/GDTVBPCourseProjects/CrystalCavern/Content/StarterContent/Audio/Fire_Sparks01_Cue.uasset" 286
"../../../../../../Users/Siwy/Desktop/QAP/GDTVBPCourseProjects/CrystalCavern/Content/StarterContent/Textures/T_Spark_Core.uasset" 287
"../../../../../../Users/Siwy/Desktop/QAP/GDTVBPCourseProjects/CrystalCavern/Content/StarterContent/Particles/Materials/M_Spark.uasset" 288
"../../../../../../Users/Siwy/Desktop/QAP/GDTVBPCourseProjects/CrystalCavern/Content/StarterContent/Particles/P_Sparks.uasset" 289
"../../../../../../Users/Siwy/Desktop/QAP/GDTVBPCourseProjects/CrystalCavern/Content/StarterContent/Blueprints/Blueprint_Effect_Sparks.uasset" 290
"../../../../../../Users/Siwy/Desktop/QAP/GDTVBPCourseProjects/CrystalCavern/Content/StarterContent/Audio/Steam01_Cue.uasset" 291
"../../../../../../Users/Siwy/Desktop/QAP/GDTVBPCourseProjects/CrystalCavern/Content/StarterContent/Particles/P_Steam_Lit.uasset" 292
"../../../../../../Users/Siwy/Desktop/QAP/GDTVBPCourseProjects/CrystalCavern/Content/StarterContent/Blueprints/Blueprint_Effect_Steam.uasset" 293
"../../../../../../Users/Siwy/Desktop/QAP/GDTVBPCourseProjects/CrystalCavern/Content/StarterContent/Textures/T_Lamp_M.uasset" 294
"../../../../../../Users/Siwy/Desktop/QAP/GDTVBPCourseProjects/CrystalCavern/Content/StarterContent/Textures/T_Lamp_N.uasset" 295
"../../../../../../Users/Siwy/Desktop/QAP/GDTVBPCourseProjects/CrystalCavern/Content/StarterContent/Props/Materials/M_Lamp.uasset" 296
"../../../../../../Users/Siwy/Desktop/QAP/GDTVBPCourseProjects/CrystalCavern/Content/StarterContent/Props/SM_Lamp_Ceiling.uasset" 297
"../../../../../../Users/Siwy/Desktop/QAP/GDTVBPCourseProjects/CrystalCavern/Content/StarterContent/Blueprints/Blueprint_CeilingLight.uasset" 298
"../../../../../../Users/Siwy/Desktop/QAP/GDTVBPCourseProjects/CrystalCavern/Content/StarterContent/Props/SM_Lamp_Wall.uasset" 299
"../../../../../../Users/Siwy/Desktop/QAP/GDTVBPCourseProjects/CrystalCavern/Content/StarterContent/Blueprints/Blueprint_WallSconce.uasset" 300
"../../../../../../Users/Siwy/Desktop/QAP/GDTVBPCourseProjects/CrystalCavern/Content/StarterContent/Maps/StarterMap_BuiltData.uasset" 301
"../../../Engine/Content/Functions/Engine_MaterialFunctions03/Procedurals/ComputeFilterWidth.uasset" 302
"../../../Engine/Content/EngineMaterials/AntiAliasedTextMaterialTranslucent.uasset" 303
"../../../../../../Users/Siwy/Desktop/QAP/GDTVBPCourseProjects/CrystalCavern/Content/StarterContent/Textures/T_Brick_Clay_Beveled_D.uasset" 304
"../../../../../../Users/Siwy/Desktop/QAP/GDTVBPCourseProjects/CrystalCavern/Content/StarterContent/Textures/T_Brick_Clay_Beveled_M.uasset" 305
"../../../../../../Users/Siwy/Desktop/QAP/GDTVBPCourseProjects/CrystalCavern/Content/StarterContent/Textures/T_Brick_Clay_Beveled_N.uasset" 306
"../../../../../../Users/Siwy/Desktop/QAP/GDTVBPCourseProjects/CrystalCavern/Content/StarterContent/Materials/M_Brick_Clay_Beveled.uasset" 307
"../../../../../../Users/Siwy/Desktop/QAP/GDTVBPCourseProjects/CrystalCavern/Content/StarterContent/Textures/T_Brick_Clay_New_D.uasset" 308
"../../../../../../Users/Siwy/Desktop/QAP/GDTVBPCourseProjects/CrystalCavern/Content/StarterContent/Textures/T_Brick_Clay_New_M.uasset" 309
"../../../../../../Users/Siwy/Desktop/QAP/GDTVBPCourseProjects/CrystalCavern/Content/StarterContent/Textures/T_Brick_Clay_New_N.uasset" 310
"../../../../../../Users/Siwy/Desktop/QAP/GDTVBPCourseProjects/CrystalCavern/Content/StarterContent/Materials/M_Brick_Clay_New.uasset" 311
"../../../../../../Users/Siwy/Desktop/QAP/GDTVBPCourseProjects/CrystalCavern/Content/StarterContent/Textures/T_Brick_Clay_Old_D.uasset" 312
"../../../../../../Users/Siwy/Desktop/QAP/GDTVBPCourseProjects/CrystalCavern/Content/StarterContent/Textures/T_Brick_Clay_Old_N.uasset" 313
"../../../../../../Users/Siwy/Desktop/QAP/GDTVBPCourseProjects/CrystalCavern/Content/StarterContent/Materials/M_Brick_Clay_Old.uasset" 314
"../../../../../../Users/Siwy/Desktop/QAP/GDTVBPCourseProjects/CrystalCavern/Content/StarterContent/Textures/T_Brick_Cut_Stone_D.uasset" 315
"../../../../../../Users/Siwy/Desktop/QAP/GDTVBPCourseProjects/CrystalCavern/Content/StarterContent/Textures/T_Brick_Cut_Stone_N.uasset" 316
"../../../../../../Users/Siwy/Desktop/QAP/GDTVBPCourseProjects/CrystalCavern/Content/StarterContent/Materials/M_Brick_Cut_Stone.uasset" 317
"../../../../../../Users/Siwy/Desktop/QAP/GDTVBPCourseProjects/CrystalCavern/Content/StarterContent/Textures/T_Brick_Hewn_Stone_D.uasset" 318
"../../../../../../Users/Siwy/Desktop/QAP/GDTVBPCourseProjects/CrystalCavern/Content/StarterContent/Textures/T_Brick_Hewn_Stone_M.uasset" 319
"../../../../../../Users/Siwy/Desktop/QAP/GDTVBPCourseProjects/CrystalCavern/Content/StarterContent/Textures/T_Brick_Hewn_Stone_N.uasset" 320
"../../../../../../Users/Siwy/Desktop/QAP/GDTVBPCourseProjects/CrystalCavern/Content/StarterContent/Materials/M_Brick_Hewn_Stone.uasset" 321
"../../../../../../Users/Siwy/Desktop/QAP/GDTVBPCourseProjects/CrystalCavern/Content/StarterContent/Textures/T_Ceramic_Tile_M.uasset" 322
"../../../../../../Users/Siwy/Desktop/QAP/GDTVBPCourseProjects/CrystalCavern/Content/StarterContent/Textures/T_Ceramic_Tile_N.uasset" 323
"../../../../../../Users/Siwy/Desktop/QAP/GDTVBPCourseProjects/CrystalCavern/Content/StarterContent/Textures/T_Rock_Marble_Polished_D.uasset" 324
"../../../../../../Users/Siwy/Desktop/QAP/GDTVBPCourseProjects/CrystalCavern/Content/StarterContent/Materials/M_Ceramic_Tile_Checker.uasset" 325
"../../../../../../Users/Siwy/Desktop/QAP/GDTVBPCourseProjects/CrystalCavern/Content/StarterContent/Textures/T_CobbleStone_Pebble_D.uasset" 326
"../../../../../../Users/Siwy/Desktop/QAP/GDTVBPCourseProjects/CrystalCavern/Content/StarterContent/Textures/T_CobbleStone_Pebble_M.uasset" 327
"../../../../../../Users/Siwy/Desktop/QAP/GDTVBPCourseProjects/CrystalCavern/Content/StarterContent/Textures/T_CobbleStone_Pebble_N.uasset" 328
"../../../../../../Users/Siwy/Desktop/QAP/GDTVBPCourseProjects/CrystalCavern/Content/StarterContent/Materials/M_CobbleStone_Pebble.uasset" 329
"../../../../../../Users/Siwy/Desktop/QAP/GDTVBPCourseProjects/CrystalCavern/Content/StarterContent/Textures/T_CobbleStone_Rough_D.uasset" 330
"../../../../../../Users/Siwy/Desktop/QAP/GDTVBPCourseProjects/CrystalCavern/Content/StarterContent/Textures/T_CobbleStone_Rough_N.uasset" 331
"../../../../../../Users/Siwy/Desktop/QAP/GDTVBPCourseProjects/CrystalCavern/Content/StarterContent/Textures/T_Gradinet_01.uasset" 332
"../../../../../../Users/Siwy/Desktop/QAP/GDTVBPCourseProjects/CrystalCavern/Content/StarterContent/Textures/T_Rock_Smooth_Granite_D.uasset" 333
"../../../../../../Users/Siwy/Desktop/QAP/GDTVBPCourseProjects/CrystalCavern/Content/StarterContent/Materials/M_CobbleStone_Rough.uasset" 334
"../../../../../../Users/Siwy/Desktop/QAP/GDTVBPCourseProjects/CrystalCavern/Content/StarterContent/Textures/T_CobbleStone_Smooth_D.uasset" 335
"../../../../../../Users/Siwy/Desktop/QAP/GDTVBPCourseProjects/CrystalCavern/Content/StarterContent/Textures/T_CobbleStone_Smooth_M.uasset" 336
"../../../../../../Users/Siwy/Desktop/QAP/GDTVBPCourseProjects/CrystalCavern/Content/StarterContent/Textures/T_CobbleStone_Smooth_N.uasset" 337
"../../../../../../Users/Siwy/Desktop/QAP/GDTVBPCourseProjects/CrystalCavern/Content/StarterContent/Materials/M_CobbleStone_Smooth.uasset" 338
"../../../../../../Users/Siwy/Desktop/QAP/GDTVBPCourseProjects/CrystalCavern/Content/StarterContent/Textures/T_Concrete_Grime_D.uasset" 339
"../../../../../../Users/Siwy/Desktop/QAP/GDTVBPCourseProjects/CrystalCavern/Content/StarterContent/Textures/T_Metal_Rust_N.uasset" 340
"../../../../../../Users/Siwy/Desktop/QAP/GDTVBPCourseProjects/CrystalCavern/Content/StarterContent/Materials/M_Concrete_Grime.uasset" 341
"../../../../../../Users/Siwy/Desktop/QAP/GDTVBPCourseProjects/CrystalCavern/Content/StarterContent/Textures/T_Concrete_Panels_D.uasset" 342
"../../../../../../Users/Siwy/Desktop/QAP/GDTVBPCourseProjects/CrystalCavern/Content/StarterContent/Textures/T_Concrete_Panels_N.uasset" 343
"../../../../../../Users/Siwy/Desktop/QAP/GDTVBPCourseProjects/CrystalCavern/Content/StarterContent/Materials/M_Concrete_Panels.uasset" 344
"../../../../../../Users/Siwy/Desktop/QAP/GDTVBPCourseProjects/CrystalCavern/Content/StarterContent/Textures/T_Concrete_Poured_D.uasset" 345
"../../../../../../Users/Siwy/Desktop/QAP/GDTVBPCourseProjects/CrystalCavern/Content/StarterContent/Textures/T_Concrete_Poured_N.uasset" 346
"../../../../../../Users/Siwy/Desktop/QAP/GDTVBPCourseProjects/CrystalCavern/Content/StarterContent/Materials/M_Concrete_Poured.uasset" 347
"../../../../../../Users/Siwy/Desktop/QAP/GDTVBPCourseProjects/CrystalCavern/Content/StarterContent/Textures/T_Concrete_Tiles_D.uasset" 348
"../../../../../../Users/Siwy/Desktop/QAP/GDTVBPCourseProjects/CrystalCavern/Content/StarterContent/Textures/T_Concrete_Tiles_M.uasset" 349
"../../../../../../Users/Siwy/Desktop/QAP/GDTVBPCourseProjects/CrystalCavern/Content/StarterContent/Textures/T_Concrete_Tiles_N.uasset" 350
"../../../../../../Users/Siwy/Desktop/QAP/GDTVBPCourseProjects/CrystalCavern/Content/StarterContent/Textures/T_Concrete_Tiles_Variation_M.uasset" 351
"../../../../../../Users/Siwy/Desktop/QAP/GDTVBPCourseProjects/CrystalCavern/Content/StarterContent/Materials/M_Concrete_Tiles.uasset" 352
"../../../../../../Users/Siwy/Desktop/QAP/GDTVBPCourseProjects/CrystalCavern/Content/StarterContent/Textures/T_Ground_Grass_D.uasset" 353
"../../../../../../Users/Siwy/Desktop/QAP/GDTVBPCourseProjects/CrystalCavern/Content/StarterContent/Textures/T_Ground_Grass_N.uasset" 354
"../../../../../../Users/Siwy/Desktop/QAP/GDTVBPCourseProjects/CrystalCavern/Content/StarterContent/Materials/M_Ground_Grass.uasset" 355
"../../../../../../Users/Siwy/Desktop/QAP/GDTVBPCourseProjects/CrystalCavern/Content/StarterContent/Textures/T_Ground_Gravel_D.uasset" 356
"../../../../../../Users/Siwy/Desktop/QAP/GDTVBPCourseProjects/CrystalCavern/Content/StarterContent/Textures/T_Ground_Gravel_N.uasset" 357
"../../../../../../Users/Siwy/Desktop/QAP/GDTVBPCourseProjects/CrystalCavern/Content/StarterContent/Materials/M_Ground_Gravel.uasset" 358
"../../../../../../Users/Siwy/Desktop/QAP/GDTVBPCourseProjects/CrystalCavern/Content/StarterContent/Textures/T_ground_Moss_D.uasset" 359
"../../../../../../Users/Siwy/Desktop/QAP/GDTVBPCourseProjects/CrystalCavern/Content/StarterContent/Textures/T_Ground_Moss_N.uasset" 360
"../../../../../../Users/Siwy/Desktop/QAP/GDTVBPCourseProjects/CrystalCavern/Content/StarterContent/Materials/M_Ground_Moss.uasset" 361
"../../../../../../Users/Siwy/Desktop/QAP/GDTVBPCourseProjects/CrystalCavern/Content/StarterContent/Textures/T_Metal_Rust_D.uasset" 362
"../../../../../../Users/Siwy/Desktop/QAP/GDTVBPCourseProjects/CrystalCavern/Content/StarterContent/Materials/M_Metal_Rust.uasset" 363
"../../../../../../Users/Siwy/Desktop/QAP/GDTVBPCourseProjects/CrystalCavern/Content/StarterContent/Textures/T_Rock_Basalt_N.uasset" 364
"../../../../../../Users/Siwy/Desktop/QAP/GDTVBPCourseProjects/CrystalCavern/Content/StarterContent/Materials/M_Rock_Basalt.uasset" 365
"../../../../../../Users/Siwy/Desktop/QAP/GDTVBPCourseProjects/CrystalCavern/Content/StarterContent/Materials/M_Rock_Marble_Polished.uasset" 366
"../../../../../../Users/Siwy/Desktop/QAP/GDTVBPCourseProjects/CrystalCavern/Content/StarterContent/Textures/T_Rock_Sandstone_D.uasset" 367
"../../../../../../Users/Siwy/Desktop/QAP/GDTVBPCourseProjects/CrystalCavern/Content/StarterContent/Textures/T_Rock_Sandstone_N.uasset" 368
"../../../../../../Users/Siwy/Desktop/QAP/GDTVBPCourseProjects/CrystalCavern/Content/StarterContent/Materials/M_Rock_Sandstone.uasset" 369
"../../../../../../Users/Siwy/Desktop/QAP/GDTVBPCourseProjects/CrystalCavern/Content/StarterContent/Textures/T_Rock_Slate_D.uasset" 370
"../../../../../../Users/Siwy/Desktop/QAP/GDTVBPCourseProjects/CrystalCavern/Content/StarterContent/Textures/T_Rock_Slate_N.uasset" 371
"../../../../../../Users/Siwy/Desktop/QAP/GDTVBPCourseProjects/CrystalCavern/Content/StarterContent/Materials/M_Rock_Slate.uasset" 372
"../../../../../../Users/Siwy/Desktop/QAP/GDTVBPCourseProjects/CrystalCavern/Content/StarterContent/Textures/T_Checker_Noise_M.uasset" 373
"../../../../../../Users/Siwy/Desktop/QAP/GDTVBPCourseProjects/CrystalCavern/Content/StarterContent/Textures/T_Single_Tile_N.uasset" 374
"../../../../../../Users/Siwy/Desktop/QAP/GDTVBPCourseProjects/CrystalCavern/Content/StarterContent/Textures/T_Tech_Dot_M.uasset" 375
"../../../../../../Users/Siwy/Desktop/QAP/GDTVBPCourseProjects/CrystalCavern/Content/StarterContent/Textures/T_Tech_Dot_N.uasset" 376
"../../../../../../Users/Siwy/Desktop/QAP/GDTVBPCourseProjects/CrystalCavern/Content/StarterContent/Materials/M_Tech_Checker_Dot.uasset" 377
"../../../../../../Users/Siwy/Desktop/QAP/GDTVBPCourseProjects/CrystalCavern/Content/StarterContent/Textures/T_Tech_Hex_Tile_M.uasset" 378
"../../../../../../Users/Siwy/Desktop/QAP/GDTVBPCourseProjects/CrystalCavern/Content/StarterContent/Textures/T_Tech_Hex_Tile_N.uasset" 379
"../../../../../../Users/Siwy/Desktop/QAP/GDTVBPCourseProjects/CrystalCavern/Content/StarterContent/Materials/M_Tech_Hex_Tile.uasset" 380
"../../../../../../Users/Siwy/Desktop/QAP/GDTVBPCourseProjects/CrystalCavern/Content/StarterContent/Materials/M_Tech_Hex_Tile_Pulse.uasset" 381
"../../../../../../Users/Siwy/Desktop/QAP/GDTVBPCourseProjects/CrystalCavern/Content/StarterContent/Textures/T_Tech_Panel_M.uasset" 382
"../../../../../../Users/Siwy/Desktop/QAP/GDTVBPCourseProjects/CrystalCavern/Content/StarterContent/Textures/T_Tech_Panel_N.uasset" 383
"../../../../../../Users/Siwy/Desktop/QAP/GDTVBPCourseProjects/CrystalCavern/Content/StarterContent/Materials/M_Tech_Panel.uasset" 384
"../../../../../../Users/Siwy/Desktop/QAP/GDTVBPCourseProjects/CrystalCavern/Content/StarterContent/Textures/T_Wood_Floor_Walnut_D.uasset" 385
"../../../../../../Users/Siwy/Desktop/QAP/GDTVBPCourseProjects/CrystalCavern/Content/StarterContent/Textures/T_Wood_Floor_Walnut_M.uasset" 386
"../../../../../../Users/Siwy/Desktop/QAP/GDTVBPCourseProjects/CrystalCavern/Content/StarterContent/Textures/T_Wood_Floor_Walnut_N.uasset" 387
"../../../../../../Users/Siwy/Desktop/QAP/GDTVBPCourseProjects/CrystalCavern/Content/StarterContent/Materials/M_Wood_Floor_Walnut_Polished.uasset" 388
"../../../Engine/Content/Functions/Engine_MaterialFunctions01/Opacity/AlphaOffset.uasset" 389
"../../../../../../Users/Siwy/Desktop/QAP/GDTVBPCourseProjects/CrystalCavern/Content/StarterContent/Materials/M_Wood_Floor_Walnut_Worn.uasset" 390
"../../../../../../Users/Siwy/Desktop/QAP/GDTVBPCourseProjects/CrystalCavern/Content/StarterContent/Textures/T_Wood_Oak_D.uasset" 391
"../../../../../../Users/Siwy/Desktop/QAP/GDTVBPCourseProjects/CrystalCavern/Content/StarterContent/Textures/T_Wood_Oak_N.uasset" 392
"../../../../../../Users/Siwy/Desktop/QAP/GDTVBPCourseProjects/CrystalCavern/Content/StarterContent/Materials/M_Wood_Oak.uasset" 393
"../../../../../../Users/Siwy/Desktop/QAP/GDTVBPCourseProjects/CrystalCavern/Content/StarterContent/Textures/T_Wood_Pine_D.uasset" 394
"../../../../../../Users/Siwy/Desktop/QAP/GDTVBPCourseProjects/CrystalCavern/Content/StarterContent/Textures/T_Wood_Pine_N.uasset" 395
"../../../../../../Users/Siwy/Desktop/QAP/GDTVBPCourseProjects/CrystalCavern/Content/StarterContent/Materials/M_Wood_Pine.uasset" 396
"../../../../../../Users/Siwy/Desktop/QAP/GDTVBPCourseProjects/CrystalCavern/Content/StarterContent/Architecture/Wall_400x200.uasset" 397
"../../../../../../Users/Siwy/Desktop/QAP/GDTVBPCourseProjects/CrystalCavern/Content/StarterContent/Architecture/Wall_Door_400x300.uasset" 398
"../../../../../../Users/Siwy/Desktop/QAP/GDTVBPCourseProjects/CrystalCavern/Content/StarterContent/Architecture/Wall_Window_400x300.uasset" 399
"../../../../../../Users/Siwy/Desktop/QAP/GDTVBPCourseProjects/CrystalCavern/Content/StarterContent/Audio/Collapse_Cue.uasset" 400
"../../../../../../Users/Siwy/Desktop/QAP/GDTVBPCourseProjects/CrystalCavern/Content/StarterContent/Audio/Starter_Music_Cue.uasset" 401
"../../../../../../Users/Siwy/Desktop/QAP/GDTVBPCourseProjects/CrystalCavern/Content/StarterContent/Textures/T_Dust_Particle_D.uasset" 402
"../../../../../../Users/Siwy/Desktop/QAP/GDTVBPCourseProjects/CrystalCavern/Content/StarterContent/Particles/Materials/M_Dust_Particle.uasset" 403
"../../../../../../Users/Siwy/Desktop/QAP/GDTVBPCourseProjects/CrystalCavern/Content/StarterContent/Particles/P_Ambient_Dust.uasset" 404
"../../../../../../Users/Siwy/Desktop/QAP/GDTVBPCourseProjects/CrystalCavern/Content/StarterContent/Textures/T_Frame_M.uasset" 405
"../../../../../../Users/Siwy/Desktop/QAP/GDTVBPCourseProjects/CrystalCavern/Content/StarterContent/Textures/T_Frame_N.uasset" 406
"../../../../../../Users/Siwy/Desktop/QAP/GDTVBPCourseProjects/CrystalCavern/Content/StarterContent/Props/Materials/M_Frame.uasset" 407
"../../../../../../Users/Siwy/Desktop/QAP/GDTVBPCourseProjects/CrystalCavern/Content/StarterContent/Props/SM_CornerFrame.uasset" 408
"../../../../../../Users/Siwy/Desktop/QAP/GDTVBPCourseProjects/CrystalCavern/Content/StarterContent/Props/SM_DoorFrame.uasset" 409
"../../../../../../Users/Siwy/Desktop/QAP/GDTVBPCourseProjects/CrystalCavern/Content/StarterContent/Materials/M_Glass.uasset" 410
"../../../../../../Users/Siwy/Desktop/QAP/GDTVBPCourseProjects/CrystalCavern/Content/StarterContent/Props/SM_GlassWindow.uasset" 411
"../../../../../../Users/Siwy/Desktop/QAP/GDTVBPCourseProjects/CrystalCavern/Content/StarterContent/Props/SM_PillarFrame.uasset" 412
"../../../../../../Users/Siwy/Desktop/QAP/GDTVBPCourseProjects/CrystalCavern/Content/StarterContent/Props/SM_PillarFrame300.uasset" 413
"../../../../../../Users/Siwy/Desktop/QAP/GDTVBPCourseProjects/CrystalCavern/Content/StarterContent/Props/SM_WindowFrame.uasset" 414
"../../../../../../Users/Siwy/Desktop/QAP/GDTVBPCourseProjects/CrystalCavern/Content/StarterContent/Shapes/Shape_Cube.uasset" 415
"../../../../../../Users/Siwy/Desktop/QAP/GDTVBPCourseProjects/CrystalCavern/Content/StarterContent/Maps/StarterMap.umap" 416
"../../../Engine/Content/Maps/Entry_BuiltData.uasset" 417
"../../../Engine/Content/Maps/Entry.umap" 418
